998001 ?== 100899
997002 ?== 200799
996003 ?== 300699
995004 ?== 400599
994005 ?== 500499
993006 ?== 600399
992007 ?== 700299
991008 ?== 800199
990009 ?== 900099
989010 ?== 10989
988011 ?== 110889
987012 ?== 210789
986013 ?== 310689
985014 ?== 410589
984015 ?== 510489
983016 ?== 610389
982017 ?== 710289
981018 ?== 810189
980019 ?== 910089
979020 ?== 20979
978021 ?== 120879
977022 ?== 220779
976023 ?== 320679
975024 ?== 420579
974025 ?== 520479
973026 ?== 620379
972027 ?== 720279
971028 ?== 820179
970029 ?== 920079
969030 ?== 30969
968031 ?== 130869
967032 ?== 230769
966033 ?== 330669
965034 ?== 430569
964035 ?== 530469
963036 ?== 630369
962037 ?== 730269
961038 ?== 830169
960039 ?== 930069
959040 ?== 40959
958041 ?== 140859
957042 ?== 240759
956043 ?== 340659
955044 ?== 440559
954045 ?== 540459
953046 ?== 640359
952047 ?== 740259
951048 ?== 840159
950049 ?== 940059
949050 ?== 50949
948051 ?== 150849
947052 ?== 250749
946053 ?== 350649
945054 ?== 450549
944055 ?== 550449
943056 ?== 650349
942057 ?== 750249
941058 ?== 850149
940059 ?== 950049
939060 ?== 60939
938061 ?== 160839
937062 ?== 260739
936063 ?== 360639
935064 ?== 460539
934065 ?== 560439
933066 ?== 660339
932067 ?== 760239
931068 ?== 860139
930069 ?== 960039
929070 ?== 70929
928071 ?== 170829
927072 ?== 270729
926073 ?== 370629
925074 ?== 470529
924075 ?== 570429
923076 ?== 670329
922077 ?== 770229
921078 ?== 870129
920079 ?== 970029
919080 ?== 80919
918081 ?== 180819
917082 ?== 280719
916083 ?== 380619
915084 ?== 480519
914085 ?== 580419
913086 ?== 680319
912087 ?== 780219
911088 ?== 880119
910089 ?== 980019
909090 ?== 90909
908091 ?== 190809
907092 ?== 290709
906093 ?== 390609
905094 ?== 490509
904095 ?== 590409
903096 ?== 690309
902097 ?== 790209
901098 ?== 890109
900099 ?== 990009
899100 ?== 1998
898101 ?== 101898
897102 ?== 201798
896103 ?== 301698
895104 ?== 401598
894105 ?== 501498
893106 ?== 601398
892107 ?== 701298
891108 ?== 801198
890109 ?== 901098
889110 ?== 11988
888111 ?== 111888
887112 ?== 211788
886113 ?== 311688
885114 ?== 411588
884115 ?== 511488
883116 ?== 611388
882117 ?== 711288
881118 ?== 811188
880119 ?== 911088
879120 ?== 21978
878121 ?== 121878
877122 ?== 221778
876123 ?== 321678
875124 ?== 421578
874125 ?== 521478
873126 ?== 621378
872127 ?== 721278
871128 ?== 821178
870129 ?== 921078
869130 ?== 31968
868131 ?== 131868
867132 ?== 231768
866133 ?== 331668
865134 ?== 431568
864135 ?== 531468
863136 ?== 631368
862137 ?== 731268
861138 ?== 831168
860139 ?== 931068
859140 ?== 41958
858141 ?== 141858
857142 ?== 241758
856143 ?== 341658
855144 ?== 441558
854145 ?== 541458
853146 ?== 641358
852147 ?== 741258
851148 ?== 841158
850149 ?== 941058
849150 ?== 51948
848151 ?== 151848
847152 ?== 251748
846153 ?== 351648
845154 ?== 451548
844155 ?== 551448
843156 ?== 651348
842157 ?== 751248
841158 ?== 851148
840159 ?== 951048
839160 ?== 61938
838161 ?== 161838
837162 ?== 261738
836163 ?== 361638
835164 ?== 461538
834165 ?== 561438
833166 ?== 661338
832167 ?== 761238
831168 ?== 861138
830169 ?== 961038
829170 ?== 71928
828171 ?== 171828
827172 ?== 271728
826173 ?== 371628
825174 ?== 471528
824175 ?== 571428
823176 ?== 671328
822177 ?== 771228
821178 ?== 871128
820179 ?== 971028
819180 ?== 81918
818181 ?== 181818
817182 ?== 281718
816183 ?== 381618
815184 ?== 481518
814185 ?== 581418
813186 ?== 681318
812187 ?== 781218
811188 ?== 881118
810189 ?== 981018
809190 ?== 91908
808191 ?== 191808
807192 ?== 291708
806193 ?== 391608
805194 ?== 491508
804195 ?== 591408
803196 ?== 691308
802197 ?== 791208
801198 ?== 891108
800199 ?== 991008
799200 ?== 2997
798201 ?== 102897
797202 ?== 202797
796203 ?== 302697
795204 ?== 402597
794205 ?== 502497
793206 ?== 602397
792207 ?== 702297
791208 ?== 802197
790209 ?== 902097
789210 ?== 12987
788211 ?== 112887
787212 ?== 212787
786213 ?== 312687
785214 ?== 412587
784215 ?== 512487
783216 ?== 612387
782217 ?== 712287
781218 ?== 812187
780219 ?== 912087
779220 ?== 22977
778221 ?== 122877
777222 ?== 222777
776223 ?== 322677
775224 ?== 422577
774225 ?== 522477
773226 ?== 622377
772227 ?== 722277
771228 ?== 822177
770229 ?== 922077
769230 ?== 32967
768231 ?== 132867
767232 ?== 232767
766233 ?== 332667
765234 ?== 432567
764235 ?== 532467
763236 ?== 632367
762237 ?== 732267
761238 ?== 832167
760239 ?== 932067
759240 ?== 42957
758241 ?== 142857
757242 ?== 242757
756243 ?== 342657
755244 ?== 442557
754245 ?== 542457
753246 ?== 642357
752247 ?== 742257
751248 ?== 842157
750249 ?== 942057
749250 ?== 52947
748251 ?== 152847
747252 ?== 252747
746253 ?== 352647
745254 ?== 452547
744255 ?== 552447
743256 ?== 652347
742257 ?== 752247
741258 ?== 852147
740259 ?== 952047
739260 ?== 62937
738261 ?== 162837
737262 ?== 262737
736263 ?== 362637
735264 ?== 462537
734265 ?== 562437
733266 ?== 662337
732267 ?== 762237
731268 ?== 862137
730269 ?== 962037
729270 ?== 72927
728271 ?== 172827
727272 ?== 272727
726273 ?== 372627
725274 ?== 472527
724275 ?== 572427
723276 ?== 672327
722277 ?== 772227
721278 ?== 872127
720279 ?== 972027
719280 ?== 82917
718281 ?== 182817
717282 ?== 282717
716283 ?== 382617
715284 ?== 482517
714285 ?== 582417
713286 ?== 682317
712287 ?== 782217
711288 ?== 882117
710289 ?== 982017
709290 ?== 92907
708291 ?== 192807
707292 ?== 292707
706293 ?== 392607
705294 ?== 492507
704295 ?== 592407
703296 ?== 692307
702297 ?== 792207
701298 ?== 892107
700299 ?== 992007
699300 ?== 3996
698301 ?== 103896
697302 ?== 203796
696303 ?== 303696
695304 ?== 403596
694305 ?== 503496
693306 ?== 603396
692307 ?== 703296
691308 ?== 803196
690309 ?== 903096
689310 ?== 13986
688311 ?== 113886
687312 ?== 213786
686313 ?== 313686
685314 ?== 413586
684315 ?== 513486
683316 ?== 613386
682317 ?== 713286
681318 ?== 813186
680319 ?== 913086
679320 ?== 23976
678321 ?== 123876
677322 ?== 223776
676323 ?== 323676
675324 ?== 423576
674325 ?== 523476
673326 ?== 623376
672327 ?== 723276
671328 ?== 823176
670329 ?== 923076
669330 ?== 33966
668331 ?== 133866
667332 ?== 233766
666333 ?== 333666
665334 ?== 433566
664335 ?== 533466
663336 ?== 633366
662337 ?== 733266
661338 ?== 833166
660339 ?== 933066
659340 ?== 43956
658341 ?== 143856
657342 ?== 243756
656343 ?== 343656
655344 ?== 443556
654345 ?== 543456
653346 ?== 643356
652347 ?== 743256
651348 ?== 843156
650349 ?== 943056
649350 ?== 53946
648351 ?== 153846
647352 ?== 253746
646353 ?== 353646
645354 ?== 453546
644355 ?== 553446
643356 ?== 653346
642357 ?== 753246
641358 ?== 853146
640359 ?== 953046
639360 ?== 63936
638361 ?== 163836
637362 ?== 263736
636363 ?== 363636
635364 ?== 463536
634365 ?== 563436
633366 ?== 663336
632367 ?== 763236
631368 ?== 863136
630369 ?== 963036
629370 ?== 73926
628371 ?== 173826
627372 ?== 273726
626373 ?== 373626
625374 ?== 473526
624375 ?== 573426
623376 ?== 673326
622377 ?== 773226
621378 ?== 873126
620379 ?== 973026
619380 ?== 83916
618381 ?== 183816
617382 ?== 283716
616383 ?== 383616
615384 ?== 483516
614385 ?== 583416
613386 ?== 683316
612387 ?== 783216
611388 ?== 883116
610389 ?== 983016
609390 ?== 93906
608391 ?== 193806
607392 ?== 293706
606393 ?== 393606
605394 ?== 493506
604395 ?== 593406
603396 ?== 693306
602397 ?== 793206
601398 ?== 893106
600399 ?== 993006
599400 ?== 4995
598401 ?== 104895
597402 ?== 204795
596403 ?== 304695
595404 ?== 404595
594405 ?== 504495
593406 ?== 604395
592407 ?== 704295
591408 ?== 804195
590409 ?== 904095
589410 ?== 14985
588411 ?== 114885
587412 ?== 214785
586413 ?== 314685
585414 ?== 414585
584415 ?== 514485
583416 ?== 614385
582417 ?== 714285
581418 ?== 814185
580419 ?== 914085
579420 ?== 24975
578421 ?== 124875
577422 ?== 224775
576423 ?== 324675
575424 ?== 424575
574425 ?== 524475
573426 ?== 624375
572427 ?== 724275
571428 ?== 824175
570429 ?== 924075
569430 ?== 34965
568431 ?== 134865
567432 ?== 234765
566433 ?== 334665
565434 ?== 434565
564435 ?== 534465
563436 ?== 634365
562437 ?== 734265
561438 ?== 834165
560439 ?== 934065
559440 ?== 44955
558441 ?== 144855
557442 ?== 244755
556443 ?== 344655
555444 ?== 444555
554445 ?== 544455
553446 ?== 644355
552447 ?== 744255
551448 ?== 844155
550449 ?== 944055
549450 ?== 54945
548451 ?== 154845
547452 ?== 254745
546453 ?== 354645
545454 ?== 454545
544455 ?== 554445
543456 ?== 654345
542457 ?== 754245
541458 ?== 854145
540459 ?== 954045
539460 ?== 64935
538461 ?== 164835
537462 ?== 264735
536463 ?== 364635
535464 ?== 464535
534465 ?== 564435
533466 ?== 664335
532467 ?== 764235
531468 ?== 864135
530469 ?== 964035
529470 ?== 74925
528471 ?== 174825
527472 ?== 274725
526473 ?== 374625
525474 ?== 474525
524475 ?== 574425
523476 ?== 674325
522477 ?== 774225
521478 ?== 874125
520479 ?== 974025
519480 ?== 84915
518481 ?== 184815
517482 ?== 284715
516483 ?== 384615
515484 ?== 484515
514485 ?== 584415
513486 ?== 684315
512487 ?== 784215
511488 ?== 884115
510489 ?== 984015
509490 ?== 94905
508491 ?== 194805
507492 ?== 294705
506493 ?== 394605
505494 ?== 494505
504495 ?== 594405
503496 ?== 694305
502497 ?== 794205
501498 ?== 894105
500499 ?== 994005
499500 ?== 5994
498501 ?== 105894
497502 ?== 205794
496503 ?== 305694
495504 ?== 405594
494505 ?== 505494
493506 ?== 605394
492507 ?== 705294
491508 ?== 805194
490509 ?== 905094
489510 ?== 15984
488511 ?== 115884
487512 ?== 215784
486513 ?== 315684
485514 ?== 415584
484515 ?== 515484
483516 ?== 615384
482517 ?== 715284
481518 ?== 815184
480519 ?== 915084
479520 ?== 25974
478521 ?== 125874
477522 ?== 225774
476523 ?== 325674
475524 ?== 425574
474525 ?== 525474
473526 ?== 625374
472527 ?== 725274
471528 ?== 825174
470529 ?== 925074
469530 ?== 35964
468531 ?== 135864
467532 ?== 235764
466533 ?== 335664
465534 ?== 435564
464535 ?== 535464
463536 ?== 635364
462537 ?== 735264
461538 ?== 835164
460539 ?== 935064
459540 ?== 45954
458541 ?== 145854
457542 ?== 245754
456543 ?== 345654
455544 ?== 445554
454545 ?== 545454
453546 ?== 645354
452547 ?== 745254
451548 ?== 845154
450549 ?== 945054
449550 ?== 55944
448551 ?== 155844
447552 ?== 255744
446553 ?== 355644
445554 ?== 455544
444555 ?== 555444
443556 ?== 655344
442557 ?== 755244
441558 ?== 855144
440559 ?== 955044
439560 ?== 65934
438561 ?== 165834
437562 ?== 265734
436563 ?== 365634
435564 ?== 465534
434565 ?== 565434
433566 ?== 665334
432567 ?== 765234
431568 ?== 865134
430569 ?== 965034
429570 ?== 75924
428571 ?== 175824
427572 ?== 275724
426573 ?== 375624
425574 ?== 475524
424575 ?== 575424
423576 ?== 675324
422577 ?== 775224
421578 ?== 875124
420579 ?== 975024
419580 ?== 85914
418581 ?== 185814
417582 ?== 285714
416583 ?== 385614
415584 ?== 485514
414585 ?== 585414
413586 ?== 685314
412587 ?== 785214
411588 ?== 885114
410589 ?== 985014
409590 ?== 95904
408591 ?== 195804
407592 ?== 295704
406593 ?== 395604
405594 ?== 495504
404595 ?== 595404
403596 ?== 695304
402597 ?== 795204
401598 ?== 895104
400599 ?== 995004
399600 ?== 6993
398601 ?== 106893
397602 ?== 206793
396603 ?== 306693
395604 ?== 406593
394605 ?== 506493
393606 ?== 606393
392607 ?== 706293
391608 ?== 806193
390609 ?== 906093
389610 ?== 16983
388611 ?== 116883
387612 ?== 216783
386613 ?== 316683
385614 ?== 416583
384615 ?== 516483
383616 ?== 616383
382617 ?== 716283
381618 ?== 816183
380619 ?== 916083
379620 ?== 26973
378621 ?== 126873
377622 ?== 226773
376623 ?== 326673
375624 ?== 426573
374625 ?== 526473
373626 ?== 626373
372627 ?== 726273
371628 ?== 826173
370629 ?== 926073
369630 ?== 36963
368631 ?== 136863
367632 ?== 236763
366633 ?== 336663
365634 ?== 436563
364635 ?== 536463
363636 ?== 636363
362637 ?== 736263
361638 ?== 836163
360639 ?== 936063
359640 ?== 46953
358641 ?== 146853
357642 ?== 246753
356643 ?== 346653
355644 ?== 446553
354645 ?== 546453
353646 ?== 646353
352647 ?== 746253
351648 ?== 846153
350649 ?== 946053
349650 ?== 56943
348651 ?== 156843
347652 ?== 256743
346653 ?== 356643
345654 ?== 456543
344655 ?== 556443
343656 ?== 656343
342657 ?== 756243
341658 ?== 856143
340659 ?== 956043
339660 ?== 66933
338661 ?== 166833
337662 ?== 266733
336663 ?== 366633
335664 ?== 466533
334665 ?== 566433
333666 ?== 666333
332667 ?== 766233
331668 ?== 866133
330669 ?== 966033
329670 ?== 76923
328671 ?== 176823
327672 ?== 276723
326673 ?== 376623
325674 ?== 476523
324675 ?== 576423
323676 ?== 676323
322677 ?== 776223
321678 ?== 876123
320679 ?== 976023
319680 ?== 86913
318681 ?== 186813
317682 ?== 286713
316683 ?== 386613
315684 ?== 486513
314685 ?== 586413
313686 ?== 686313
312687 ?== 786213
311688 ?== 886113
310689 ?== 986013
309690 ?== 96903
308691 ?== 196803
307692 ?== 296703
306693 ?== 396603
305694 ?== 496503
304695 ?== 596403
303696 ?== 696303
302697 ?== 796203
301698 ?== 896103
300699 ?== 996003
299700 ?== 7992
298701 ?== 107892
297702 ?== 207792
296703 ?== 307692
295704 ?== 407592
294705 ?== 507492
293706 ?== 607392
292707 ?== 707292
291708 ?== 807192
290709 ?== 907092
289710 ?== 17982
288711 ?== 117882
287712 ?== 217782
286713 ?== 317682
285714 ?== 417582
284715 ?== 517482
283716 ?== 617382
282717 ?== 717282
281718 ?== 817182
280719 ?== 917082
279720 ?== 27972
278721 ?== 127872
277722 ?== 227772
276723 ?== 327672
275724 ?== 427572
274725 ?== 527472
273726 ?== 627372
272727 ?== 727272
271728 ?== 827172
270729 ?== 927072
269730 ?== 37962
268731 ?== 137862
267732 ?== 237762
266733 ?== 337662
265734 ?== 437562
264735 ?== 537462
263736 ?== 637362
262737 ?== 737262
261738 ?== 837162
260739 ?== 937062
259740 ?== 47952
258741 ?== 147852
257742 ?== 247752
256743 ?== 347652
255744 ?== 447552
254745 ?== 547452
253746 ?== 647352
252747 ?== 747252
251748 ?== 847152
250749 ?== 947052
249750 ?== 57942
248751 ?== 157842
247752 ?== 257742
246753 ?== 357642
245754 ?== 457542
244755 ?== 557442
243756 ?== 657342
242757 ?== 757242
241758 ?== 857142
240759 ?== 957042
239760 ?== 67932
238761 ?== 167832
237762 ?== 267732
236763 ?== 367632
235764 ?== 467532
234765 ?== 567432
233766 ?== 667332
232767 ?== 767232
231768 ?== 867132
230769 ?== 967032
229770 ?== 77922
228771 ?== 177822
227772 ?== 277722
226773 ?== 377622
225774 ?== 477522
224775 ?== 577422
223776 ?== 677322
222777 ?== 777222
221778 ?== 877122
220779 ?== 977022
219780 ?== 87912
218781 ?== 187812
217782 ?== 287712
216783 ?== 387612
215784 ?== 487512
214785 ?== 587412
213786 ?== 687312
212787 ?== 787212
211788 ?== 887112
210789 ?== 987012
209790 ?== 97902
208791 ?== 197802
207792 ?== 297702
206793 ?== 397602
205794 ?== 497502
204795 ?== 597402
203796 ?== 697302
202797 ?== 797202
201798 ?== 897102
200799 ?== 997002
199800 ?== 8991
198801 ?== 108891
197802 ?== 208791
196803 ?== 308691
195804 ?== 408591
194805 ?== 508491
193806 ?== 608391
192807 ?== 708291
191808 ?== 808191
190809 ?== 908091
189810 ?== 18981
188811 ?== 118881
187812 ?== 218781
186813 ?== 318681
185814 ?== 418581
184815 ?== 518481
183816 ?== 618381
182817 ?== 718281
181818 ?== 818181
180819 ?== 918081
179820 ?== 28971
178821 ?== 128871
177822 ?== 228771
176823 ?== 328671
175824 ?== 428571
174825 ?== 528471
173826 ?== 628371
172827 ?== 728271
171828 ?== 828171
170829 ?== 928071
169830 ?== 38961
168831 ?== 138861
167832 ?== 238761
166833 ?== 338661
165834 ?== 438561
164835 ?== 538461
163836 ?== 638361
162837 ?== 738261
161838 ?== 838161
160839 ?== 938061
159840 ?== 48951
158841 ?== 148851
157842 ?== 248751
156843 ?== 348651
155844 ?== 448551
154845 ?== 548451
153846 ?== 648351
152847 ?== 748251
151848 ?== 848151
150849 ?== 948051
149850 ?== 58941
148851 ?== 158841
147852 ?== 258741
146853 ?== 358641
145854 ?== 458541
144855 ?== 558441
143856 ?== 658341
142857 ?== 758241
141858 ?== 858141
140859 ?== 958041
139860 ?== 68931
138861 ?== 168831
137862 ?== 268731
136863 ?== 368631
135864 ?== 468531
134865 ?== 568431
133866 ?== 668331
132867 ?== 768231
131868 ?== 868131
130869 ?== 968031
129870 ?== 78921
128871 ?== 178821
127872 ?== 278721
126873 ?== 378621
125874 ?== 478521
124875 ?== 578421
123876 ?== 678321
122877 ?== 778221
121878 ?== 878121
120879 ?== 978021
119880 ?== 88911
118881 ?== 188811
117882 ?== 288711
116883 ?== 388611
115884 ?== 488511
114885 ?== 588411
113886 ?== 688311
112887 ?== 788211
111888 ?== 888111
110889 ?== 988011
109890 ?== 98901
108891 ?== 198801
107892 ?== 298701
106893 ?== 398601
105894 ?== 498501
104895 ?== 598401
103896 ?== 698301
102897 ?== 798201
101898 ?== 898101
100899 ?== 998001
99900 ?== 999
997002 ?== 200799
996004 ?== 400699
995006 ?== 600599
994008 ?== 800499
993010 ?== 10399
992012 ?== 210299
991014 ?== 410199
990016 ?== 610099
989018 ?== 810989
988020 ?== 20889
987022 ?== 220789
986024 ?== 420689
985026 ?== 620589
984028 ?== 820489
983030 ?== 30389
982032 ?== 230289
981034 ?== 430189
980036 ?== 630089
979038 ?== 830979
978040 ?== 40879
977042 ?== 240779
976044 ?== 440679
975046 ?== 640579
974048 ?== 840479
973050 ?== 50379
972052 ?== 250279
971054 ?== 450179
970056 ?== 650079
969058 ?== 850969
968060 ?== 60869
967062 ?== 260769
966064 ?== 460669
965066 ?== 660569
964068 ?== 860469
963070 ?== 70369
962072 ?== 270269
961074 ?== 470169
960076 ?== 670069
959078 ?== 870959
958080 ?== 80859
957082 ?== 280759
956084 ?== 480659
955086 ?== 680559
954088 ?== 880459
953090 ?== 90359
952092 ?== 290259
951094 ?== 490159
950096 ?== 690059
949098 ?== 890949
948100 ?== 1849
947102 ?== 201749
946104 ?== 401649
945106 ?== 601549
944108 ?== 801449
943110 ?== 11349
942112 ?== 211249
941114 ?== 411149
940116 ?== 611049
939118 ?== 811939
938120 ?== 21839
937122 ?== 221739
936124 ?== 421639
935126 ?== 621539
934128 ?== 821439
933130 ?== 31339
932132 ?== 231239
931134 ?== 431139
930136 ?== 631039
929138 ?== 831929
928140 ?== 41829
927142 ?== 241729
926144 ?== 441629
925146 ?== 641529
924148 ?== 841429
923150 ?== 51329
922152 ?== 251229
921154 ?== 451129
920156 ?== 651029
919158 ?== 851919
918160 ?== 61819
917162 ?== 261719
916164 ?== 461619
915166 ?== 661519
914168 ?== 861419
913170 ?== 71319
912172 ?== 271219
911174 ?== 471119
910176 ?== 671019
909178 ?== 871909
908180 ?== 81809
907182 ?== 281709
906184 ?== 481609
905186 ?== 681509
904188 ?== 881409
903190 ?== 91309
902192 ?== 291209
901194 ?== 491109
900196 ?== 691009
899198 ?== 891998
898200 ?== 2898
897202 ?== 202798
896204 ?== 402698
895206 ?== 602598
894208 ?== 802498
893210 ?== 12398
892212 ?== 212298
891214 ?== 412198
890216 ?== 612098
889218 ?== 812988
888220 ?== 22888
887222 ?== 222788
886224 ?== 422688
885226 ?== 622588
884228 ?== 822488
883230 ?== 32388
882232 ?== 232288
881234 ?== 432188
880236 ?== 632088
879238 ?== 832978
878240 ?== 42878
877242 ?== 242778
876244 ?== 442678
875246 ?== 642578
874248 ?== 842478
873250 ?== 52378
872252 ?== 252278
871254 ?== 452178
870256 ?== 652078
869258 ?== 852968
868260 ?== 62868
867262 ?== 262768
866264 ?== 462668
865266 ?== 662568
864268 ?== 862468
863270 ?== 72368
862272 ?== 272268
861274 ?== 472168
860276 ?== 672068
859278 ?== 872958
858280 ?== 82858
857282 ?== 282758
856284 ?== 482658
855286 ?== 682558
854288 ?== 882458
853290 ?== 92358
852292 ?== 292258
851294 ?== 492158
850296 ?== 692058
849298 ?== 892948
848300 ?== 3848
847302 ?== 203748
846304 ?== 403648
845306 ?== 603548
844308 ?== 803448
843310 ?== 13348
842312 ?== 213248
841314 ?== 413148
840316 ?== 613048
839318 ?== 813938
838320 ?== 23838
837322 ?== 223738
836324 ?== 423638
835326 ?== 623538
834328 ?== 823438
833330 ?== 33338
832332 ?== 233238
831334 ?== 433138
830336 ?== 633038
829338 ?== 833928
828340 ?== 43828
827342 ?== 243728
826344 ?== 443628
825346 ?== 643528
824348 ?== 843428
823350 ?== 53328
822352 ?== 253228
821354 ?== 453128
820356 ?== 653028
819358 ?== 853918
818360 ?== 63818
817362 ?== 263718
816364 ?== 463618
815366 ?== 663518
814368 ?== 863418
813370 ?== 73318
812372 ?== 273218
811374 ?== 473118
810376 ?== 673018
809378 ?== 873908
808380 ?== 83808
807382 ?== 283708
806384 ?== 483608
805386 ?== 683508
804388 ?== 883408
803390 ?== 93308
802392 ?== 293208
801394 ?== 493108
800396 ?== 693008
799398 ?== 893997
798400 ?== 4897
797402 ?== 204797
796404 ?== 404697
795406 ?== 604597
794408 ?== 804497
793410 ?== 14397
792412 ?== 214297
791414 ?== 414197
790416 ?== 614097
789418 ?== 814987
788420 ?== 24887
787422 ?== 224787
786424 ?== 424687
785426 ?== 624587
784428 ?== 824487
783430 ?== 34387
782432 ?== 234287
781434 ?== 434187
780436 ?== 634087
779438 ?== 834977
778440 ?== 44877
777442 ?== 244777
776444 ?== 444677
775446 ?== 644577
774448 ?== 844477
773450 ?== 54377
772452 ?== 254277
771454 ?== 454177
770456 ?== 654077
769458 ?== 854967
768460 ?== 64867
767462 ?== 264767
766464 ?== 464667
765466 ?== 664567
764468 ?== 864467
763470 ?== 74367
762472 ?== 274267
761474 ?== 474167
760476 ?== 674067
759478 ?== 874957
758480 ?== 84857
757482 ?== 284757
756484 ?== 484657
755486 ?== 684557
754488 ?== 884457
753490 ?== 94357
752492 ?== 294257
751494 ?== 494157
750496 ?== 694057
749498 ?== 894947
748500 ?== 5847
747502 ?== 205747
746504 ?== 405647
745506 ?== 605547
744508 ?== 805447
743510 ?== 15347
742512 ?== 215247
741514 ?== 415147
740516 ?== 615047
739518 ?== 815937
738520 ?== 25837
737522 ?== 225737
736524 ?== 425637
735526 ?== 625537
734528 ?== 825437
733530 ?== 35337
732532 ?== 235237
731534 ?== 435137
730536 ?== 635037
729538 ?== 835927
728540 ?== 45827
727542 ?== 245727
726544 ?== 445627
725546 ?== 645527
724548 ?== 845427
723550 ?== 55327
722552 ?== 255227
721554 ?== 455127
720556 ?== 655027
719558 ?== 855917
718560 ?== 65817
717562 ?== 265717
716564 ?== 465617
715566 ?== 665517
714568 ?== 865417
713570 ?== 75317
712572 ?== 275217
711574 ?== 475117
710576 ?== 675017
709578 ?== 875907
708580 ?== 85807
707582 ?== 285707
706584 ?== 485607
705586 ?== 685507
704588 ?== 885407
703590 ?== 95307
702592 ?== 295207
701594 ?== 495107
700596 ?== 695007
699598 ?== 895996
698600 ?== 6896
697602 ?== 206796
696604 ?== 406696
695606 ?== 606596
694608 ?== 806496
693610 ?== 16396
692612 ?== 216296
691614 ?== 416196
690616 ?== 616096
689618 ?== 816986
688620 ?== 26886
687622 ?== 226786
686624 ?== 426686
685626 ?== 626586
684628 ?== 826486
683630 ?== 36386
682632 ?== 236286
681634 ?== 436186
680636 ?== 636086
679638 ?== 836976
678640 ?== 46876
677642 ?== 246776
676644 ?== 446676
675646 ?== 646576
674648 ?== 846476
673650 ?== 56376
672652 ?== 256276
671654 ?== 456176
670656 ?== 656076
669658 ?== 856966
668660 ?== 66866
667662 ?== 266766
666664 ?== 466666
665666 ?== 666566
664668 ?== 866466
663670 ?== 76366
662672 ?== 276266
661674 ?== 476166
660676 ?== 676066
659678 ?== 876956
658680 ?== 86856
657682 ?== 286756
656684 ?== 486656
655686 ?== 686556
654688 ?== 886456
653690 ?== 96356
652692 ?== 296256
651694 ?== 496156
650696 ?== 696056
649698 ?== 896946
648700 ?== 7846
647702 ?== 207746
646704 ?== 407646
645706 ?== 607546
644708 ?== 807446
643710 ?== 17346
642712 ?== 217246
641714 ?== 417146
640716 ?== 617046
639718 ?== 817936
638720 ?== 27836
637722 ?== 227736
636724 ?== 427636
635726 ?== 627536
634728 ?== 827436
633730 ?== 37336
632732 ?== 237236
631734 ?== 437136
630736 ?== 637036
629738 ?== 837926
628740 ?== 47826
627742 ?== 247726
626744 ?== 447626
625746 ?== 647526
624748 ?== 847426
623750 ?== 57326
622752 ?== 257226
621754 ?== 457126
620756 ?== 657026
619758 ?== 857916
618760 ?== 67816
617762 ?== 267716
616764 ?== 467616
615766 ?== 667516
614768 ?== 867416
613770 ?== 77316
612772 ?== 277216
611774 ?== 477116
610776 ?== 677016
609778 ?== 877906
608780 ?== 87806
607782 ?== 287706
606784 ?== 487606
605786 ?== 687506
604788 ?== 887406
603790 ?== 97306
602792 ?== 297206
601794 ?== 497106
600796 ?== 697006
599798 ?== 897995
598800 ?== 8895
597802 ?== 208795
596804 ?== 408695
595806 ?== 608595
594808 ?== 808495
593810 ?== 18395
592812 ?== 218295
591814 ?== 418195
590816 ?== 618095
589818 ?== 818985
588820 ?== 28885
587822 ?== 228785
586824 ?== 428685
585826 ?== 628585
584828 ?== 828485
583830 ?== 38385
582832 ?== 238285
581834 ?== 438185
580836 ?== 638085
579838 ?== 838975
578840 ?== 48875
577842 ?== 248775
576844 ?== 448675
575846 ?== 648575
574848 ?== 848475
573850 ?== 58375
572852 ?== 258275
571854 ?== 458175
570856 ?== 658075
569858 ?== 858965
568860 ?== 68865
567862 ?== 268765
566864 ?== 468665
565866 ?== 668565
564868 ?== 868465
563870 ?== 78365
562872 ?== 278265
561874 ?== 478165
560876 ?== 678065
559878 ?== 878955
558880 ?== 88855
557882 ?== 288755
556884 ?== 488655
555886 ?== 688555
554888 ?== 888455
553890 ?== 98355
552892 ?== 298255
551894 ?== 498155
550896 ?== 698055
549898 ?== 898945
548900 ?== 9845
547902 ?== 209745
546904 ?== 409645
545906 ?== 609545
544908 ?== 809445
543910 ?== 19345
542912 ?== 219245
541914 ?== 419145
540916 ?== 619045
539918 ?== 819935
538920 ?== 29835
537922 ?== 229735
536924 ?== 429635
535926 ?== 629535
534928 ?== 829435
533930 ?== 39335
532932 ?== 239235
531934 ?== 439135
530936 ?== 639035
529938 ?== 839925
528940 ?== 49825
527942 ?== 249725
526944 ?== 449625
525946 ?== 649525
524948 ?== 849425
523950 ?== 59325
522952 ?== 259225
521954 ?== 459125
520956 ?== 659025
519958 ?== 859915
518960 ?== 69815
517962 ?== 269715
516964 ?== 469615
515966 ?== 669515
514968 ?== 869415
513970 ?== 79315
512972 ?== 279215
511974 ?== 479115
510976 ?== 679015
509978 ?== 879905
508980 ?== 89805
507982 ?== 289705
506984 ?== 489605
505986 ?== 689505
504988 ?== 889405
503990 ?== 99305
502992 ?== 299205
501994 ?== 499105
500996 ?== 699005
499998 ?== 899994
499000 ?== 994
498002 ?== 200894
497004 ?== 400794
496006 ?== 600694
495008 ?== 800594
494010 ?== 10494
493012 ?== 210394
492014 ?== 410294
491016 ?== 610194
490018 ?== 810094
489020 ?== 20984
488022 ?== 220884
487024 ?== 420784
486026 ?== 620684
485028 ?== 820584
484030 ?== 30484
483032 ?== 230384
482034 ?== 430284
481036 ?== 630184
480038 ?== 830084
479040 ?== 40974
478042 ?== 240874
477044 ?== 440774
476046 ?== 640674
475048 ?== 840574
474050 ?== 50474
473052 ?== 250374
472054 ?== 450274
471056 ?== 650174
470058 ?== 850074
469060 ?== 60964
468062 ?== 260864
467064 ?== 460764
466066 ?== 660664
465068 ?== 860564
464070 ?== 70464
463072 ?== 270364
462074 ?== 470264
461076 ?== 670164
460078 ?== 870064
459080 ?== 80954
458082 ?== 280854
457084 ?== 480754
456086 ?== 680654
455088 ?== 880554
454090 ?== 90454
453092 ?== 290354
452094 ?== 490254
451096 ?== 690154
450098 ?== 890054
449100 ?== 1944
448102 ?== 201844
447104 ?== 401744
446106 ?== 601644
445108 ?== 801544
444110 ?== 11444
443112 ?== 211344
442114 ?== 411244
441116 ?== 611144
440118 ?== 811044
439120 ?== 21934
438122 ?== 221834
437124 ?== 421734
436126 ?== 621634
435128 ?== 821534
434130 ?== 31434
433132 ?== 231334
432134 ?== 431234
431136 ?== 631134
430138 ?== 831034
429140 ?== 41924
428142 ?== 241824
427144 ?== 441724
426146 ?== 641624
425148 ?== 841524
424150 ?== 51424
423152 ?== 251324
422154 ?== 451224
421156 ?== 651124
420158 ?== 851024
419160 ?== 61914
418162 ?== 261814
417164 ?== 461714
416166 ?== 661614
415168 ?== 861514
414170 ?== 71414
413172 ?== 271314
412174 ?== 471214
411176 ?== 671114
410178 ?== 871014
409180 ?== 81904
408182 ?== 281804
407184 ?== 481704
406186 ?== 681604
405188 ?== 881504
404190 ?== 91404
403192 ?== 291304
402194 ?== 491204
401196 ?== 691104
400198 ?== 891004
399200 ?== 2993
398202 ?== 202893
397204 ?== 402793
396206 ?== 602693
395208 ?== 802593
394210 ?== 12493
393212 ?== 212393
392214 ?== 412293
391216 ?== 612193
390218 ?== 812093
389220 ?== 22983
388222 ?== 222883
387224 ?== 422783
386226 ?== 622683
385228 ?== 822583
384230 ?== 32483
383232 ?== 232383
382234 ?== 432283
381236 ?== 632183
380238 ?== 832083
379240 ?== 42973
378242 ?== 242873
377244 ?== 442773
376246 ?== 642673
375248 ?== 842573
374250 ?== 52473
373252 ?== 252373
372254 ?== 452273
371256 ?== 652173
370258 ?== 852073
369260 ?== 62963
368262 ?== 262863
367264 ?== 462763
366266 ?== 662663
365268 ?== 862563
364270 ?== 72463
363272 ?== 272363
362274 ?== 472263
361276 ?== 672163
360278 ?== 872063
359280 ?== 82953
358282 ?== 282853
357284 ?== 482753
356286 ?== 682653
355288 ?== 882553
354290 ?== 92453
353292 ?== 292353
352294 ?== 492253
351296 ?== 692153
350298 ?== 892053
349300 ?== 3943
348302 ?== 203843
347304 ?== 403743
346306 ?== 603643
345308 ?== 803543
344310 ?== 13443
343312 ?== 213343
342314 ?== 413243
341316 ?== 613143
340318 ?== 813043
339320 ?== 23933
338322 ?== 223833
337324 ?== 423733
336326 ?== 623633
335328 ?== 823533
334330 ?== 33433
333332 ?== 233333
332334 ?== 433233
331336 ?== 633133
330338 ?== 833033
329340 ?== 43923
328342 ?== 243823
327344 ?== 443723
326346 ?== 643623
325348 ?== 843523
324350 ?== 53423
323352 ?== 253323
322354 ?== 453223
321356 ?== 653123
320358 ?== 853023
319360 ?== 63913
318362 ?== 263813
317364 ?== 463713
316366 ?== 663613
315368 ?== 863513
314370 ?== 73413
313372 ?== 273313
312374 ?== 473213
311376 ?== 673113
310378 ?== 873013
309380 ?== 83903
308382 ?== 283803
307384 ?== 483703
306386 ?== 683603
305388 ?== 883503
304390 ?== 93403
303392 ?== 293303
302394 ?== 493203
301396 ?== 693103
300398 ?== 893003
299400 ?== 4992
298402 ?== 204892
297404 ?== 404792
296406 ?== 604692
295408 ?== 804592
294410 ?== 14492
293412 ?== 214392
292414 ?== 414292
291416 ?== 614192
290418 ?== 814092
289420 ?== 24982
288422 ?== 224882
287424 ?== 424782
286426 ?== 624682
285428 ?== 824582
284430 ?== 34482
283432 ?== 234382
282434 ?== 434282
281436 ?== 634182
280438 ?== 834082
279440 ?== 44972
278442 ?== 244872
277444 ?== 444772
276446 ?== 644672
275448 ?== 844572
274450 ?== 54472
273452 ?== 254372
272454 ?== 454272
271456 ?== 654172
270458 ?== 854072
269460 ?== 64962
268462 ?== 264862
267464 ?== 464762
266466 ?== 664662
265468 ?== 864562
264470 ?== 74462
263472 ?== 274362
262474 ?== 474262
261476 ?== 674162
260478 ?== 874062
259480 ?== 84952
258482 ?== 284852
257484 ?== 484752
256486 ?== 684652
255488 ?== 884552
254490 ?== 94452
253492 ?== 294352
252494 ?== 494252
251496 ?== 694152
250498 ?== 894052
249500 ?== 5942
248502 ?== 205842
247504 ?== 405742
246506 ?== 605642
245508 ?== 805542
244510 ?== 15442
243512 ?== 215342
242514 ?== 415242
241516 ?== 615142
240518 ?== 815042
239520 ?== 25932
238522 ?== 225832
237524 ?== 425732
236526 ?== 625632
235528 ?== 825532
234530 ?== 35432
233532 ?== 235332
232534 ?== 435232
231536 ?== 635132
230538 ?== 835032
229540 ?== 45922
228542 ?== 245822
227544 ?== 445722
226546 ?== 645622
225548 ?== 845522
224550 ?== 55422
223552 ?== 255322
222554 ?== 455222
221556 ?== 655122
220558 ?== 855022
219560 ?== 65912
218562 ?== 265812
217564 ?== 465712
216566 ?== 665612
215568 ?== 865512
214570 ?== 75412
213572 ?== 275312
212574 ?== 475212
211576 ?== 675112
210578 ?== 875012
209580 ?== 85902
208582 ?== 285802
207584 ?== 485702
206586 ?== 685602
205588 ?== 885502
204590 ?== 95402
203592 ?== 295302
202594 ?== 495202
201596 ?== 695102
200598 ?== 895002
199600 ?== 6991
198602 ?== 206891
197604 ?== 406791
196606 ?== 606691
195608 ?== 806591
194610 ?== 16491
193612 ?== 216391
192614 ?== 416291
191616 ?== 616191
190618 ?== 816091
189620 ?== 26981
188622 ?== 226881
187624 ?== 426781
186626 ?== 626681
185628 ?== 826581
184630 ?== 36481
183632 ?== 236381
182634 ?== 436281
181636 ?== 636181
180638 ?== 836081
179640 ?== 46971
178642 ?== 246871
177644 ?== 446771
176646 ?== 646671
175648 ?== 846571
174650 ?== 56471
173652 ?== 256371
172654 ?== 456271
171656 ?== 656171
170658 ?== 856071
169660 ?== 66961
168662 ?== 266861
167664 ?== 466761
166666 ?== 666661
165668 ?== 866561
164670 ?== 76461
163672 ?== 276361
162674 ?== 476261
161676 ?== 676161
160678 ?== 876061
159680 ?== 86951
158682 ?== 286851
157684 ?== 486751
156686 ?== 686651
155688 ?== 886551
154690 ?== 96451
153692 ?== 296351
152694 ?== 496251
151696 ?== 696151
150698 ?== 896051
149700 ?== 7941
148702 ?== 207841
147704 ?== 407741
146706 ?== 607641
145708 ?== 807541
144710 ?== 17441
143712 ?== 217341
142714 ?== 417241
141716 ?== 617141
140718 ?== 817041
139720 ?== 27931
138722 ?== 227831
137724 ?== 427731
136726 ?== 627631
135728 ?== 827531
134730 ?== 37431
133732 ?== 237331
132734 ?== 437231
131736 ?== 637131
130738 ?== 837031
129740 ?== 47921
128742 ?== 247821
127744 ?== 447721
126746 ?== 647621
125748 ?== 847521
124750 ?== 57421
123752 ?== 257321
122754 ?== 457221
121756 ?== 657121
120758 ?== 857021
119760 ?== 67911
118762 ?== 267811
117764 ?== 467711
116766 ?== 667611
115768 ?== 867511
114770 ?== 77411
113772 ?== 277311
112774 ?== 477211
111776 ?== 677111
110778 ?== 877011
109780 ?== 87901
108782 ?== 287801
107784 ?== 487701
106786 ?== 687601
105788 ?== 887501
104790 ?== 97401
103792 ?== 297301
102794 ?== 497201
101796 ?== 697101
100798 ?== 897001
99800 ?== 899
996003 ?== 300699
995006 ?== 600599
994009 ?== 900499
993012 ?== 210399
992015 ?== 510299
991018 ?== 810199
990021 ?== 120099
989024 ?== 420989
988027 ?== 720889
987030 ?== 30789
986033 ?== 330689
985036 ?== 630589
984039 ?== 930489
983042 ?== 240389
982045 ?== 540289
981048 ?== 840189
980051 ?== 150089
979054 ?== 450979
978057 ?== 750879
977060 ?== 60779
976063 ?== 360679
975066 ?== 660579
974069 ?== 960479
973072 ?== 270379
972075 ?== 570279
971078 ?== 870179
970081 ?== 180079
969084 ?== 480969
968087 ?== 780869
967090 ?== 90769
966093 ?== 390669
965096 ?== 690569
964099 ?== 990469
963102 ?== 201369
962105 ?== 501269
961108 ?== 801169
960111 ?== 111069
959114 ?== 411959
958117 ?== 711859
957120 ?== 21759
956123 ?== 321659
955126 ?== 621559
954129 ?== 921459
953132 ?== 231359
952135 ?== 531259
951138 ?== 831159
950141 ?== 141059
949144 ?== 441949
948147 ?== 741849
947150 ?== 51749
946153 ?== 351649
945156 ?== 651549
944159 ?== 951449
943162 ?== 261349
942165 ?== 561249
941168 ?== 861149
940171 ?== 171049
939174 ?== 471939
938177 ?== 771839
937180 ?== 81739
936183 ?== 381639
935186 ?== 681539
934189 ?== 981439
933192 ?== 291339
932195 ?== 591239
931198 ?== 891139
930201 ?== 102039
929204 ?== 402929
928207 ?== 702829
927210 ?== 12729
926213 ?== 312629
925216 ?== 612529
924219 ?== 912429
923222 ?== 222329
922225 ?== 522229
921228 ?== 822129
920231 ?== 132029
919234 ?== 432919
918237 ?== 732819
917240 ?== 42719
916243 ?== 342619
915246 ?== 642519
914249 ?== 942419
913252 ?== 252319
912255 ?== 552219
911258 ?== 852119
910261 ?== 162019
909264 ?== 462909
908267 ?== 762809
907270 ?== 72709
906273 ?== 372609
905276 ?== 672509
904279 ?== 972409
903282 ?== 282309
902285 ?== 582209
901288 ?== 882109
900291 ?== 192009
899294 ?== 492998
898297 ?== 792898
897300 ?== 3798
896303 ?== 303698
895306 ?== 603598
894309 ?== 903498
893312 ?== 213398
892315 ?== 513298
891318 ?== 813198
890321 ?== 123098
889324 ?== 423988
888327 ?== 723888
887330 ?== 33788
886333 ?== 333688
885336 ?== 633588
884339 ?== 933488
883342 ?== 243388
882345 ?== 543288
881348 ?== 843188
880351 ?== 153088
879354 ?== 453978
878357 ?== 753878
877360 ?== 63778
876363 ?== 363678
875366 ?== 663578
874369 ?== 963478
873372 ?== 273378
872375 ?== 573278
871378 ?== 873178
870381 ?== 183078
869384 ?== 483968
868387 ?== 783868
867390 ?== 93768
866393 ?== 393668
865396 ?== 693568
864399 ?== 993468
863402 ?== 204368
862405 ?== 504268
861408 ?== 804168
860411 ?== 114068
859414 ?== 414958
858417 ?== 714858
857420 ?== 24758
856423 ?== 324658
855426 ?== 624558
854429 ?== 924458
853432 ?== 234358
852435 ?== 534258
851438 ?== 834158
850441 ?== 144058
849444 ?== 444948
848447 ?== 744848
847450 ?== 54748
846453 ?== 354648
845456 ?== 654548
844459 ?== 954448
843462 ?== 264348
842465 ?== 564248
841468 ?== 864148
840471 ?== 174048
839474 ?== 474938
838477 ?== 774838
837480 ?== 84738
836483 ?== 384638
835486 ?== 684538
834489 ?== 984438
833492 ?== 294338
832495 ?== 594238
831498 ?== 894138
830501 ?== 105038
829504 ?== 405928
828507 ?== 705828
827510 ?== 15728
826513 ?== 315628
825516 ?== 615528
824519 ?== 915428
823522 ?== 225328
822525 ?== 525228
821528 ?== 825128
820531 ?== 135028
819534 ?== 435918
818537 ?== 735818
817540 ?== 45718
816543 ?== 345618
815546 ?== 645518
814549 ?== 945418
813552 ?== 255318
812555 ?== 555218
811558 ?== 855118
810561 ?== 165018
809564 ?== 465908
808567 ?== 765808
807570 ?== 75708
806573 ?== 375608
805576 ?== 675508
804579 ?== 975408
803582 ?== 285308
802585 ?== 585208
801588 ?== 885108
800591 ?== 195008
799594 ?== 495997
798597 ?== 795897
797600 ?== 6797
796603 ?== 306697
795606 ?== 606597
794609 ?== 906497
793612 ?== 216397
792615 ?== 516297
791618 ?== 816197
790621 ?== 126097
789624 ?== 426987
788627 ?== 726887
787630 ?== 36787
786633 ?== 336687
785636 ?== 636587
784639 ?== 936487
783642 ?== 246387
782645 ?== 546287
781648 ?== 846187
780651 ?== 156087
779654 ?== 456977
778657 ?== 756877
777660 ?== 66777
776663 ?== 366677
775666 ?== 666577
774669 ?== 966477
773672 ?== 276377
772675 ?== 576277
771678 ?== 876177
770681 ?== 186077
769684 ?== 486967
768687 ?== 786867
767690 ?== 96767
766693 ?== 396667
765696 ?== 696567
764699 ?== 996467
763702 ?== 207367
762705 ?== 507267
761708 ?== 807167
760711 ?== 117067
759714 ?== 417957
758717 ?== 717857
757720 ?== 27757
756723 ?== 327657
755726 ?== 627557
754729 ?== 927457
753732 ?== 237357
752735 ?== 537257
751738 ?== 837157
750741 ?== 147057
749744 ?== 447947
748747 ?== 747847
747750 ?== 57747
746753 ?== 357647
745756 ?== 657547
744759 ?== 957447
743762 ?== 267347
742765 ?== 567247
741768 ?== 867147
740771 ?== 177047
739774 ?== 477937
738777 ?== 777837
737780 ?== 87737
736783 ?== 387637
735786 ?== 687537
734789 ?== 987437
733792 ?== 297337
732795 ?== 597237
731798 ?== 897137
730801 ?== 108037
729804 ?== 408927
728807 ?== 708827
727810 ?== 18727
726813 ?== 318627
725816 ?== 618527
724819 ?== 918427
723822 ?== 228327
722825 ?== 528227
721828 ?== 828127
720831 ?== 138027
719834 ?== 438917
718837 ?== 738817
717840 ?== 48717
716843 ?== 348617
715846 ?== 648517
714849 ?== 948417
713852 ?== 258317
712855 ?== 558217
711858 ?== 858117
710861 ?== 168017
709864 ?== 468907
708867 ?== 768807
707870 ?== 78707
706873 ?== 378607
705876 ?== 678507
704879 ?== 978407
703882 ?== 288307
702885 ?== 588207
701888 ?== 888107
700891 ?== 198007
699894 ?== 498996
698897 ?== 798896
697900 ?== 9796
696903 ?== 309696
695906 ?== 609596
694909 ?== 909496
693912 ?== 219396
692915 ?== 519296
691918 ?== 819196
690921 ?== 129096
689924 ?== 429986
688927 ?== 729886
687930 ?== 39786
686933 ?== 339686
685936 ?== 639586
684939 ?== 939486
683942 ?== 249386
682945 ?== 549286
681948 ?== 849186
680951 ?== 159086
679954 ?== 459976
678957 ?== 759876
677960 ?== 69776
676963 ?== 369676
675966 ?== 669576
674969 ?== 969476
673972 ?== 279376
672975 ?== 579276
671978 ?== 879176
670981 ?== 189076
669984 ?== 489966
668987 ?== 789866
667990 ?== 99766
666993 ?== 399666
665996 ?== 699566
664999 ?== 999466
664002 ?== 200466
663005 ?== 500366
662008 ?== 800266
661011 ?== 110166
660014 ?== 410066
659017 ?== 710956
658020 ?== 20856
657023 ?== 320756
656026 ?== 620656
655029 ?== 920556
654032 ?== 230456
653035 ?== 530356
652038 ?== 830256
651041 ?== 140156
650044 ?== 440056
649047 ?== 740946
648050 ?== 50846
647053 ?== 350746
646056 ?== 650646
645059 ?== 950546
644062 ?== 260446
643065 ?== 560346
642068 ?== 860246
641071 ?== 170146
640074 ?== 470046
639077 ?== 770936
638080 ?== 80836
637083 ?== 380736
636086 ?== 680636
635089 ?== 980536
634092 ?== 290436
633095 ?== 590336
632098 ?== 890236
631101 ?== 101136
630104 ?== 401036
629107 ?== 701926
628110 ?== 11826
627113 ?== 311726
626116 ?== 611626
625119 ?== 911526
624122 ?== 221426
623125 ?== 521326
622128 ?== 821226
621131 ?== 131126
620134 ?== 431026
619137 ?== 731916
618140 ?== 41816
617143 ?== 341716
616146 ?== 641616
615149 ?== 941516
614152 ?== 251416
613155 ?== 551316
612158 ?== 851216
611161 ?== 161116
610164 ?== 461016
609167 ?== 761906
608170 ?== 71806
607173 ?== 371706
606176 ?== 671606
605179 ?== 971506
604182 ?== 281406
603185 ?== 581306
602188 ?== 881206
601191 ?== 191106
600194 ?== 491006
599197 ?== 791995
598200 ?== 2895
597203 ?== 302795
596206 ?== 602695
595209 ?== 902595
594212 ?== 212495
593215 ?== 512395
592218 ?== 812295
591221 ?== 122195
590224 ?== 422095
589227 ?== 722985
588230 ?== 32885
587233 ?== 332785
586236 ?== 632685
585239 ?== 932585
584242 ?== 242485
583245 ?== 542385
582248 ?== 842285
581251 ?== 152185
580254 ?== 452085
579257 ?== 752975
578260 ?== 62875
577263 ?== 362775
576266 ?== 662675
575269 ?== 962575
574272 ?== 272475
573275 ?== 572375
572278 ?== 872275
571281 ?== 182175
570284 ?== 482075
569287 ?== 782965
568290 ?== 92865
567293 ?== 392765
566296 ?== 692665
565299 ?== 992565
564302 ?== 203465
563305 ?== 503365
562308 ?== 803265
561311 ?== 113165
560314 ?== 413065
559317 ?== 713955
558320 ?== 23855
557323 ?== 323755
556326 ?== 623655
555329 ?== 923555
554332 ?== 233455
553335 ?== 533355
552338 ?== 833255
551341 ?== 143155
550344 ?== 443055
549347 ?== 743945
548350 ?== 53845
547353 ?== 353745
546356 ?== 653645
545359 ?== 953545
544362 ?== 263445
543365 ?== 563345
542368 ?== 863245
541371 ?== 173145
540374 ?== 473045
539377 ?== 773935
538380 ?== 83835
537383 ?== 383735
536386 ?== 683635
535389 ?== 983535
534392 ?== 293435
533395 ?== 593335
532398 ?== 893235
531401 ?== 104135
530404 ?== 404035
529407 ?== 704925
528410 ?== 14825
527413 ?== 314725
526416 ?== 614625
525419 ?== 914525
524422 ?== 224425
523425 ?== 524325
522428 ?== 824225
521431 ?== 134125
520434 ?== 434025
519437 ?== 734915
518440 ?== 44815
517443 ?== 344715
516446 ?== 644615
515449 ?== 944515
514452 ?== 254415
513455 ?== 554315
512458 ?== 854215
511461 ?== 164115
510464 ?== 464015
509467 ?== 764905
508470 ?== 74805
507473 ?== 374705
506476 ?== 674605
505479 ?== 974505
504482 ?== 284405
503485 ?== 584305
502488 ?== 884205
501491 ?== 194105
500494 ?== 494005
499497 ?== 794994
498500 ?== 5894
497503 ?== 305794
496506 ?== 605694
495509 ?== 905594
494512 ?== 215494
493515 ?== 515394
492518 ?== 815294
491521 ?== 125194
490524 ?== 425094
489527 ?== 725984
488530 ?== 35884
487533 ?== 335784
486536 ?== 635684
485539 ?== 935584
484542 ?== 245484
483545 ?== 545384
482548 ?== 845284
481551 ?== 155184
480554 ?== 455084
479557 ?== 755974
478560 ?== 65874
477563 ?== 365774
476566 ?== 665674
475569 ?== 965574
474572 ?== 275474
473575 ?== 575374
472578 ?== 875274
471581 ?== 185174
470584 ?== 485074
469587 ?== 785964
468590 ?== 95864
467593 ?== 395764
466596 ?== 695664
465599 ?== 995564
464602 ?== 206464
463605 ?== 506364
462608 ?== 806264
461611 ?== 116164
460614 ?== 416064
459617 ?== 716954
458620 ?== 26854
457623 ?== 326754
456626 ?== 626654
455629 ?== 926554
454632 ?== 236454
453635 ?== 536354
452638 ?== 836254
451641 ?== 146154
450644 ?== 446054
449647 ?== 746944
448650 ?== 56844
447653 ?== 356744
446656 ?== 656644
445659 ?== 956544
444662 ?== 266444
443665 ?== 566344
442668 ?== 866244
441671 ?== 176144
440674 ?== 476044
439677 ?== 776934
438680 ?== 86834
437683 ?== 386734
436686 ?== 686634
435689 ?== 986534
434692 ?== 296434
433695 ?== 596334
432698 ?== 896234
431701 ?== 107134
430704 ?== 407034
429707 ?== 707924
428710 ?== 17824
427713 ?== 317724
426716 ?== 617624
425719 ?== 917524
424722 ?== 227424
423725 ?== 527324
422728 ?== 827224
421731 ?== 137124
420734 ?== 437024
419737 ?== 737914
418740 ?== 47814
417743 ?== 347714
416746 ?== 647614
415749 ?== 947514
414752 ?== 257414
413755 ?== 557314
412758 ?== 857214
411761 ?== 167114
410764 ?== 467014
409767 ?== 767904
408770 ?== 77804
407773 ?== 377704
406776 ?== 677604
405779 ?== 977504
404782 ?== 287404
403785 ?== 587304
402788 ?== 887204
401791 ?== 197104
400794 ?== 497004
399797 ?== 797993
398800 ?== 8893
397803 ?== 308793
396806 ?== 608693
395809 ?== 908593
394812 ?== 218493
393815 ?== 518393
392818 ?== 818293
391821 ?== 128193
390824 ?== 428093
389827 ?== 728983
388830 ?== 38883
387833 ?== 338783
386836 ?== 638683
385839 ?== 938583
384842 ?== 248483
383845 ?== 548383
382848 ?== 848283
381851 ?== 158183
380854 ?== 458083
379857 ?== 758973
378860 ?== 68873
377863 ?== 368773
376866 ?== 668673
375869 ?== 968573
374872 ?== 278473
373875 ?== 578373
372878 ?== 878273
371881 ?== 188173
370884 ?== 488073
369887 ?== 788963
368890 ?== 98863
367893 ?== 398763
366896 ?== 698663
365899 ?== 998563
364902 ?== 209463
363905 ?== 509363
362908 ?== 809263
361911 ?== 119163
360914 ?== 419063
359917 ?== 719953
358920 ?== 29853
357923 ?== 329753
356926 ?== 629653
355929 ?== 929553
354932 ?== 239453
353935 ?== 539353
352938 ?== 839253
351941 ?== 149153
350944 ?== 449053
349947 ?== 749943
348950 ?== 59843
347953 ?== 359743
346956 ?== 659643
345959 ?== 959543
344962 ?== 269443
343965 ?== 569343
342968 ?== 869243
341971 ?== 179143
340974 ?== 479043
339977 ?== 779933
338980 ?== 89833
337983 ?== 389733
336986 ?== 689633
335989 ?== 989533
334992 ?== 299433
333995 ?== 599333
332998 ?== 899233
332001 ?== 100233
331004 ?== 400133
330007 ?== 700033
329010 ?== 10923
328013 ?== 310823
327016 ?== 610723
326019 ?== 910623
325022 ?== 220523
324025 ?== 520423
323028 ?== 820323
322031 ?== 130223
321034 ?== 430123
320037 ?== 730023
319040 ?== 40913
318043 ?== 340813
317046 ?== 640713
316049 ?== 940613
315052 ?== 250513
314055 ?== 550413
313058 ?== 850313
312061 ?== 160213
311064 ?== 460113
310067 ?== 760013
309070 ?== 70903
308073 ?== 370803
307076 ?== 670703
306079 ?== 970603
305082 ?== 280503
304085 ?== 580403
303088 ?== 880303
302091 ?== 190203
301094 ?== 490103
300097 ?== 790003
299100 ?== 1992
298103 ?== 301892
297106 ?== 601792
296109 ?== 901692
295112 ?== 211592
294115 ?== 511492
293118 ?== 811392
292121 ?== 121292
291124 ?== 421192
290127 ?== 721092
289130 ?== 31982
288133 ?== 331882
287136 ?== 631782
286139 ?== 931682
285142 ?== 241582
284145 ?== 541482
283148 ?== 841382
282151 ?== 151282
281154 ?== 451182
280157 ?== 751082
279160 ?== 61972
278163 ?== 361872
277166 ?== 661772
276169 ?== 961672
275172 ?== 271572
274175 ?== 571472
273178 ?== 871372
272181 ?== 181272
271184 ?== 481172
270187 ?== 781072
269190 ?== 91962
268193 ?== 391862
267196 ?== 691762
266199 ?== 991662
265202 ?== 202562
264205 ?== 502462
263208 ?== 802362
262211 ?== 112262
261214 ?== 412162
260217 ?== 712062
259220 ?== 22952
258223 ?== 322852
257226 ?== 622752
256229 ?== 922652
255232 ?== 232552
254235 ?== 532452
253238 ?== 832352
252241 ?== 142252
251244 ?== 442152
250247 ?== 742052
249250 ?== 52942
248253 ?== 352842
247256 ?== 652742
246259 ?== 952642
245262 ?== 262542
244265 ?== 562442
243268 ?== 862342
242271 ?== 172242
241274 ?== 472142
240277 ?== 772042
239280 ?== 82932
238283 ?== 382832
237286 ?== 682732
236289 ?== 982632
235292 ?== 292532
234295 ?== 592432
233298 ?== 892332
232301 ?== 103232
231304 ?== 403132
230307 ?== 703032
229310 ?== 13922
228313 ?== 313822
227316 ?== 613722
226319 ?== 913622
225322 ?== 223522
224325 ?== 523422
223328 ?== 823322
222331 ?== 133222
221334 ?== 433122
220337 ?== 733022
219340 ?== 43912
218343 ?== 343812
217346 ?== 643712
216349 ?== 943612
215352 ?== 253512
214355 ?== 553412
213358 ?== 853312
212361 ?== 163212
211364 ?== 463112
210367 ?== 763012
209370 ?== 73902
208373 ?== 373802
207376 ?== 673702
206379 ?== 973602
205382 ?== 283502
204385 ?== 583402
203388 ?== 883302
202391 ?== 193202
201394 ?== 493102
200397 ?== 793002
199400 ?== 4991
198403 ?== 304891
197406 ?== 604791
196409 ?== 904691
195412 ?== 214591
194415 ?== 514491
193418 ?== 814391
192421 ?== 124291
191424 ?== 424191
190427 ?== 724091
189430 ?== 34981
188433 ?== 334881
187436 ?== 634781
186439 ?== 934681
185442 ?== 244581
184445 ?== 544481
183448 ?== 844381
182451 ?== 154281
181454 ?== 454181
180457 ?== 754081
179460 ?== 64971
178463 ?== 364871
177466 ?== 664771
176469 ?== 964671
175472 ?== 274571
174475 ?== 574471
173478 ?== 874371
172481 ?== 184271
171484 ?== 484171
170487 ?== 784071
169490 ?== 94961
168493 ?== 394861
167496 ?== 694761
166499 ?== 994661
165502 ?== 205561
164505 ?== 505461
163508 ?== 805361
162511 ?== 115261
161514 ?== 415161
160517 ?== 715061
159520 ?== 25951
158523 ?== 325851
157526 ?== 625751
156529 ?== 925651
155532 ?== 235551
154535 ?== 535451
153538 ?== 835351
152541 ?== 145251
151544 ?== 445151
150547 ?== 745051
149550 ?== 55941
148553 ?== 355841
147556 ?== 655741
146559 ?== 955641
145562 ?== 265541
144565 ?== 565441
143568 ?== 865341
142571 ?== 175241
141574 ?== 475141
140577 ?== 775041
139580 ?== 85931
138583 ?== 385831
137586 ?== 685731
136589 ?== 985631
135592 ?== 295531
134595 ?== 595431
133598 ?== 895331
132601 ?== 106231
131604 ?== 406131
130607 ?== 706031
129610 ?== 16921
128613 ?== 316821
127616 ?== 616721
126619 ?== 916621
125622 ?== 226521
124625 ?== 526421
123628 ?== 826321
122631 ?== 136221
121634 ?== 436121
120637 ?== 736021
119640 ?== 46911
118643 ?== 346811
117646 ?== 646711
116649 ?== 946611
115652 ?== 256511
114655 ?== 556411
113658 ?== 856311
112661 ?== 166211
111664 ?== 466111
110667 ?== 766011
109670 ?== 76901
108673 ?== 376801
107676 ?== 676701
106679 ?== 976601
105682 ?== 286501
104685 ?== 586401
103688 ?== 886301
102691 ?== 196201
101694 ?== 496101
100697 ?== 796001
99700 ?== 799
995004 ?== 400599
994008 ?== 800499
993012 ?== 210399
992016 ?== 610299
991020 ?== 20199
990024 ?== 420099
989028 ?== 820989
988032 ?== 230889
987036 ?== 630789
986040 ?== 40689
985044 ?== 440589
984048 ?== 840489
983052 ?== 250389
982056 ?== 650289
981060 ?== 60189
980064 ?== 460089
979068 ?== 860979
978072 ?== 270879
977076 ?== 670779
976080 ?== 80679
975084 ?== 480579
974088 ?== 880479
973092 ?== 290379
972096 ?== 690279
971100 ?== 1179
970104 ?== 401079
969108 ?== 801969
968112 ?== 211869
967116 ?== 611769
966120 ?== 21669
965124 ?== 421569
964128 ?== 821469
963132 ?== 231369
962136 ?== 631269
961140 ?== 41169
960144 ?== 441069
959148 ?== 841959
958152 ?== 251859
957156 ?== 651759
956160 ?== 61659
955164 ?== 461559
954168 ?== 861459
953172 ?== 271359
952176 ?== 671259
951180 ?== 81159
950184 ?== 481059
949188 ?== 881949
948192 ?== 291849
947196 ?== 691749
946200 ?== 2649
945204 ?== 402549
944208 ?== 802449
943212 ?== 212349
942216 ?== 612249
941220 ?== 22149
940224 ?== 422049
939228 ?== 822939
938232 ?== 232839
937236 ?== 632739
936240 ?== 42639
935244 ?== 442539
934248 ?== 842439
933252 ?== 252339
932256 ?== 652239
931260 ?== 62139
930264 ?== 462039
929268 ?== 862929
928272 ?== 272829
927276 ?== 672729
926280 ?== 82629
925284 ?== 482529
924288 ?== 882429
923292 ?== 292329
922296 ?== 692229
921300 ?== 3129
920304 ?== 403029
919308 ?== 803919
918312 ?== 213819
917316 ?== 613719
916320 ?== 23619
915324 ?== 423519
914328 ?== 823419
913332 ?== 233319
912336 ?== 633219
911340 ?== 43119
910344 ?== 443019
909348 ?== 843909
908352 ?== 253809
907356 ?== 653709
906360 ?== 63609
905364 ?== 463509
904368 ?== 863409
903372 ?== 273309
902376 ?== 673209
901380 ?== 83109
900384 ?== 483009
899388 ?== 883998
898392 ?== 293898
897396 ?== 693798
896400 ?== 4698
895404 ?== 404598
894408 ?== 804498
893412 ?== 214398
892416 ?== 614298
891420 ?== 24198
890424 ?== 424098
889428 ?== 824988
888432 ?== 234888
887436 ?== 634788
886440 ?== 44688
885444 ?== 444588
884448 ?== 844488
883452 ?== 254388
882456 ?== 654288
881460 ?== 64188
880464 ?== 464088
879468 ?== 864978
878472 ?== 274878
877476 ?== 674778
876480 ?== 84678
875484 ?== 484578
874488 ?== 884478
873492 ?== 294378
872496 ?== 694278
871500 ?== 5178
870504 ?== 405078
869508 ?== 805968
868512 ?== 215868
867516 ?== 615768
866520 ?== 25668
865524 ?== 425568
864528 ?== 825468
863532 ?== 235368
862536 ?== 635268
861540 ?== 45168
860544 ?== 445068
859548 ?== 845958
858552 ?== 255858
857556 ?== 655758
856560 ?== 65658
855564 ?== 465558
854568 ?== 865458
853572 ?== 275358
852576 ?== 675258
851580 ?== 85158
850584 ?== 485058
849588 ?== 885948
848592 ?== 295848
847596 ?== 695748
846600 ?== 6648
845604 ?== 406548
844608 ?== 806448
843612 ?== 216348
842616 ?== 616248
841620 ?== 26148
840624 ?== 426048
839628 ?== 826938
838632 ?== 236838
837636 ?== 636738
836640 ?== 46638
835644 ?== 446538
834648 ?== 846438
833652 ?== 256338
832656 ?== 656238
831660 ?== 66138
830664 ?== 466038
829668 ?== 866928
828672 ?== 276828
827676 ?== 676728
826680 ?== 86628
825684 ?== 486528
824688 ?== 886428
823692 ?== 296328
822696 ?== 696228
821700 ?== 7128
820704 ?== 407028
819708 ?== 807918
818712 ?== 217818
817716 ?== 617718
816720 ?== 27618
815724 ?== 427518
814728 ?== 827418
813732 ?== 237318
812736 ?== 637218
811740 ?== 47118
810744 ?== 447018
809748 ?== 847908
808752 ?== 257808
807756 ?== 657708
806760 ?== 67608
805764 ?== 467508
804768 ?== 867408
803772 ?== 277308
802776 ?== 677208
801780 ?== 87108
800784 ?== 487008
799788 ?== 887997
798792 ?== 297897
797796 ?== 697797
796800 ?== 8697
795804 ?== 408597
794808 ?== 808497
793812 ?== 218397
792816 ?== 618297
791820 ?== 28197
790824 ?== 428097
789828 ?== 828987
788832 ?== 238887
787836 ?== 638787
786840 ?== 48687
785844 ?== 448587
784848 ?== 848487
783852 ?== 258387
782856 ?== 658287
781860 ?== 68187
780864 ?== 468087
779868 ?== 868977
778872 ?== 278877
777876 ?== 678777
776880 ?== 88677
775884 ?== 488577
774888 ?== 888477
773892 ?== 298377
772896 ?== 698277
771900 ?== 9177
770904 ?== 409077
769908 ?== 809967
768912 ?== 219867
767916 ?== 619767
766920 ?== 29667
765924 ?== 429567
764928 ?== 829467
763932 ?== 239367
762936 ?== 639267
761940 ?== 49167
760944 ?== 449067
759948 ?== 849957
758952 ?== 259857
757956 ?== 659757
756960 ?== 69657
755964 ?== 469557
754968 ?== 869457
753972 ?== 279357
752976 ?== 679257
751980 ?== 89157
750984 ?== 489057
749988 ?== 889947
748992 ?== 299847
747996 ?== 699747
747000 ?== 747
746004 ?== 400647
745008 ?== 800547
744012 ?== 210447
743016 ?== 610347
742020 ?== 20247
741024 ?== 420147
740028 ?== 820047
739032 ?== 230937
738036 ?== 630837
737040 ?== 40737
736044 ?== 440637
735048 ?== 840537
734052 ?== 250437
733056 ?== 650337
732060 ?== 60237
731064 ?== 460137
730068 ?== 860037
729072 ?== 270927
728076 ?== 670827
727080 ?== 80727
726084 ?== 480627
725088 ?== 880527
724092 ?== 290427
723096 ?== 690327
722100 ?== 1227
721104 ?== 401127
720108 ?== 801027
719112 ?== 211917
718116 ?== 611817
717120 ?== 21717
716124 ?== 421617
715128 ?== 821517
714132 ?== 231417
713136 ?== 631317
712140 ?== 41217
711144 ?== 441117
710148 ?== 841017
709152 ?== 251907
708156 ?== 651807
707160 ?== 61707
706164 ?== 461607
705168 ?== 861507
704172 ?== 271407
703176 ?== 671307
702180 ?== 81207
701184 ?== 481107
700188 ?== 881007
699192 ?== 291996
698196 ?== 691896
697200 ?== 2796
696204 ?== 402696
695208 ?== 802596
694212 ?== 212496
693216 ?== 612396
692220 ?== 22296
691224 ?== 422196
690228 ?== 822096
689232 ?== 232986
688236 ?== 632886
687240 ?== 42786
686244 ?== 442686
685248 ?== 842586
684252 ?== 252486
683256 ?== 652386
682260 ?== 62286
681264 ?== 462186
680268 ?== 862086
679272 ?== 272976
678276 ?== 672876
677280 ?== 82776
676284 ?== 482676
675288 ?== 882576
674292 ?== 292476
673296 ?== 692376
672300 ?== 3276
671304 ?== 403176
670308 ?== 803076
669312 ?== 213966
668316 ?== 613866
667320 ?== 23766
666324 ?== 423666
665328 ?== 823566
664332 ?== 233466
663336 ?== 633366
662340 ?== 43266
661344 ?== 443166
660348 ?== 843066
659352 ?== 253956
658356 ?== 653856
657360 ?== 63756
656364 ?== 463656
655368 ?== 863556
654372 ?== 273456
653376 ?== 673356
652380 ?== 83256
651384 ?== 483156
650388 ?== 883056
649392 ?== 293946
648396 ?== 693846
647400 ?== 4746
646404 ?== 404646
645408 ?== 804546
644412 ?== 214446
643416 ?== 614346
642420 ?== 24246
641424 ?== 424146
640428 ?== 824046
639432 ?== 234936
638436 ?== 634836
637440 ?== 44736
636444 ?== 444636
635448 ?== 844536
634452 ?== 254436
633456 ?== 654336
632460 ?== 64236
631464 ?== 464136
630468 ?== 864036
629472 ?== 274926
628476 ?== 674826
627480 ?== 84726
626484 ?== 484626
625488 ?== 884526
624492 ?== 294426
623496 ?== 694326
622500 ?== 5226
621504 ?== 405126
620508 ?== 805026
619512 ?== 215916
618516 ?== 615816
617520 ?== 25716
616524 ?== 425616
615528 ?== 825516
614532 ?== 235416
613536 ?== 635316
612540 ?== 45216
611544 ?== 445116
610548 ?== 845016
609552 ?== 255906
608556 ?== 655806
607560 ?== 65706
606564 ?== 465606
605568 ?== 865506
604572 ?== 275406
603576 ?== 675306
602580 ?== 85206
601584 ?== 485106
600588 ?== 885006
599592 ?== 295995
598596 ?== 695895
597600 ?== 6795
596604 ?== 406695
595608 ?== 806595
594612 ?== 216495
593616 ?== 616395
592620 ?== 26295
591624 ?== 426195
590628 ?== 826095
589632 ?== 236985
588636 ?== 636885
587640 ?== 46785
586644 ?== 446685
585648 ?== 846585
584652 ?== 256485
583656 ?== 656385
582660 ?== 66285
581664 ?== 466185
580668 ?== 866085
579672 ?== 276975
578676 ?== 676875
577680 ?== 86775
576684 ?== 486675
575688 ?== 886575
574692 ?== 296475
573696 ?== 696375
572700 ?== 7275
571704 ?== 407175
570708 ?== 807075
569712 ?== 217965
568716 ?== 617865
567720 ?== 27765
566724 ?== 427665
565728 ?== 827565
564732 ?== 237465
563736 ?== 637365
562740 ?== 47265
561744 ?== 447165
560748 ?== 847065
559752 ?== 257955
558756 ?== 657855
557760 ?== 67755
556764 ?== 467655
555768 ?== 867555
554772 ?== 277455
553776 ?== 677355
552780 ?== 87255
551784 ?== 487155
550788 ?== 887055
549792 ?== 297945
548796 ?== 697845
547800 ?== 8745
546804 ?== 408645
545808 ?== 808545
544812 ?== 218445
543816 ?== 618345
542820 ?== 28245
541824 ?== 428145
540828 ?== 828045
539832 ?== 238935
538836 ?== 638835
537840 ?== 48735
536844 ?== 448635
535848 ?== 848535
534852 ?== 258435
533856 ?== 658335
532860 ?== 68235
531864 ?== 468135
530868 ?== 868035
529872 ?== 278925
528876 ?== 678825
527880 ?== 88725
526884 ?== 488625
525888 ?== 888525
524892 ?== 298425
523896 ?== 698325
522900 ?== 9225
521904 ?== 409125
520908 ?== 809025
519912 ?== 219915
518916 ?== 619815
517920 ?== 29715
516924 ?== 429615
515928 ?== 829515
514932 ?== 239415
513936 ?== 639315
512940 ?== 49215
511944 ?== 449115
510948 ?== 849015
509952 ?== 259905
508956 ?== 659805
507960 ?== 69705
506964 ?== 469605
505968 ?== 869505
504972 ?== 279405
503976 ?== 679305
502980 ?== 89205
501984 ?== 489105
500988 ?== 889005
499992 ?== 299994
498996 ?== 699894
498000 ?== 894
497004 ?== 400794
496008 ?== 800694
495012 ?== 210594
494016 ?== 610494
493020 ?== 20394
492024 ?== 420294
491028 ?== 820194
490032 ?== 230094
489036 ?== 630984
488040 ?== 40884
487044 ?== 440784
486048 ?== 840684
485052 ?== 250584
484056 ?== 650484
483060 ?== 60384
482064 ?== 460284
481068 ?== 860184
480072 ?== 270084
479076 ?== 670974
478080 ?== 80874
477084 ?== 480774
476088 ?== 880674
475092 ?== 290574
474096 ?== 690474
473100 ?== 1374
472104 ?== 401274
471108 ?== 801174
470112 ?== 211074
469116 ?== 611964
468120 ?== 21864
467124 ?== 421764
466128 ?== 821664
465132 ?== 231564
464136 ?== 631464
463140 ?== 41364
462144 ?== 441264
461148 ?== 841164
460152 ?== 251064
459156 ?== 651954
458160 ?== 61854
457164 ?== 461754
456168 ?== 861654
455172 ?== 271554
454176 ?== 671454
453180 ?== 81354
452184 ?== 481254
451188 ?== 881154
450192 ?== 291054
449196 ?== 691944
448200 ?== 2844
447204 ?== 402744
446208 ?== 802644
445212 ?== 212544
444216 ?== 612444
443220 ?== 22344
442224 ?== 422244
441228 ?== 822144
440232 ?== 232044
439236 ?== 632934
438240 ?== 42834
437244 ?== 442734
436248 ?== 842634
435252 ?== 252534
434256 ?== 652434
433260 ?== 62334
432264 ?== 462234
431268 ?== 862134
430272 ?== 272034
429276 ?== 672924
428280 ?== 82824
427284 ?== 482724
426288 ?== 882624
425292 ?== 292524
424296 ?== 692424
423300 ?== 3324
422304 ?== 403224
421308 ?== 803124
420312 ?== 213024
419316 ?== 613914
418320 ?== 23814
417324 ?== 423714
416328 ?== 823614
415332 ?== 233514
414336 ?== 633414
413340 ?== 43314
412344 ?== 443214
411348 ?== 843114
410352 ?== 253014
409356 ?== 653904
408360 ?== 63804
407364 ?== 463704
406368 ?== 863604
405372 ?== 273504
404376 ?== 673404
403380 ?== 83304
402384 ?== 483204
401388 ?== 883104
400392 ?== 293004
399396 ?== 693993
398400 ?== 4893
397404 ?== 404793
396408 ?== 804693
395412 ?== 214593
394416 ?== 614493
393420 ?== 24393
392424 ?== 424293
391428 ?== 824193
390432 ?== 234093
389436 ?== 634983
388440 ?== 44883
387444 ?== 444783
386448 ?== 844683
385452 ?== 254583
384456 ?== 654483
383460 ?== 64383
382464 ?== 464283
381468 ?== 864183
380472 ?== 274083
379476 ?== 674973
378480 ?== 84873
377484 ?== 484773
376488 ?== 884673
375492 ?== 294573
374496 ?== 694473
373500 ?== 5373
372504 ?== 405273
371508 ?== 805173
370512 ?== 215073
369516 ?== 615963
368520 ?== 25863
367524 ?== 425763
366528 ?== 825663
365532 ?== 235563
364536 ?== 635463
363540 ?== 45363
362544 ?== 445263
361548 ?== 845163
360552 ?== 255063
359556 ?== 655953
358560 ?== 65853
357564 ?== 465753
356568 ?== 865653
355572 ?== 275553
354576 ?== 675453
353580 ?== 85353
352584 ?== 485253
351588 ?== 885153
350592 ?== 295053
349596 ?== 695943
348600 ?== 6843
347604 ?== 406743
346608 ?== 806643
345612 ?== 216543
344616 ?== 616443
343620 ?== 26343
342624 ?== 426243
341628 ?== 826143
340632 ?== 236043
339636 ?== 636933
338640 ?== 46833
337644 ?== 446733
336648 ?== 846633
335652 ?== 256533
334656 ?== 656433
333660 ?== 66333
332664 ?== 466233
331668 ?== 866133
330672 ?== 276033
329676 ?== 676923
328680 ?== 86823
327684 ?== 486723
326688 ?== 886623
325692 ?== 296523
324696 ?== 696423
323700 ?== 7323
322704 ?== 407223
321708 ?== 807123
320712 ?== 217023
319716 ?== 617913
318720 ?== 27813
317724 ?== 427713
316728 ?== 827613
315732 ?== 237513
314736 ?== 637413
313740 ?== 47313
312744 ?== 447213
311748 ?== 847113
310752 ?== 257013
309756 ?== 657903
308760 ?== 67803
307764 ?== 467703
306768 ?== 867603
305772 ?== 277503
304776 ?== 677403
303780 ?== 87303
302784 ?== 487203
301788 ?== 887103
300792 ?== 297003
299796 ?== 697992
298800 ?== 8892
297804 ?== 408792
296808 ?== 808692
295812 ?== 218592
294816 ?== 618492
293820 ?== 28392
292824 ?== 428292
291828 ?== 828192
290832 ?== 238092
289836 ?== 638982
288840 ?== 48882
287844 ?== 448782
286848 ?== 848682
285852 ?== 258582
284856 ?== 658482
283860 ?== 68382
282864 ?== 468282
281868 ?== 868182
280872 ?== 278082
279876 ?== 678972
278880 ?== 88872
277884 ?== 488772
276888 ?== 888672
275892 ?== 298572
274896 ?== 698472
273900 ?== 9372
272904 ?== 409272
271908 ?== 809172
270912 ?== 219072
269916 ?== 619962
268920 ?== 29862
267924 ?== 429762
266928 ?== 829662
265932 ?== 239562
264936 ?== 639462
263940 ?== 49362
262944 ?== 449262
261948 ?== 849162
260952 ?== 259062
259956 ?== 659952
258960 ?== 69852
257964 ?== 469752
256968 ?== 869652
255972 ?== 279552
254976 ?== 679452
253980 ?== 89352
252984 ?== 489252
251988 ?== 889152
250992 ?== 299052
249996 ?== 699942
249000 ?== 942
248004 ?== 400842
247008 ?== 800742
246012 ?== 210642
245016 ?== 610542
244020 ?== 20442
243024 ?== 420342
242028 ?== 820242
241032 ?== 230142
240036 ?== 630042
239040 ?== 40932
238044 ?== 440832
237048 ?== 840732
236052 ?== 250632
235056 ?== 650532
234060 ?== 60432
233064 ?== 460332
232068 ?== 860232
231072 ?== 270132
230076 ?== 670032
229080 ?== 80922
228084 ?== 480822
227088 ?== 880722
226092 ?== 290622
225096 ?== 690522
224100 ?== 1422
223104 ?== 401322
222108 ?== 801222
221112 ?== 211122
220116 ?== 611022
219120 ?== 21912
218124 ?== 421812
217128 ?== 821712
216132 ?== 231612
215136 ?== 631512
214140 ?== 41412
213144 ?== 441312
212148 ?== 841212
211152 ?== 251112
210156 ?== 651012
209160 ?== 61902
208164 ?== 461802
207168 ?== 861702
206172 ?== 271602
205176 ?== 671502
204180 ?== 81402
203184 ?== 481302
202188 ?== 881202
201192 ?== 291102
200196 ?== 691002
199200 ?== 2991
198204 ?== 402891
197208 ?== 802791
196212 ?== 212691
195216 ?== 612591
194220 ?== 22491
193224 ?== 422391
192228 ?== 822291
191232 ?== 232191
190236 ?== 632091
189240 ?== 42981
188244 ?== 442881
187248 ?== 842781
186252 ?== 252681
185256 ?== 652581
184260 ?== 62481
183264 ?== 462381
182268 ?== 862281
181272 ?== 272181
180276 ?== 672081
179280 ?== 82971
178284 ?== 482871
177288 ?== 882771
176292 ?== 292671
175296 ?== 692571
174300 ?== 3471
173304 ?== 403371
172308 ?== 803271
171312 ?== 213171
170316 ?== 613071
169320 ?== 23961
168324 ?== 423861
167328 ?== 823761
166332 ?== 233661
165336 ?== 633561
164340 ?== 43461
163344 ?== 443361
162348 ?== 843261
161352 ?== 253161
160356 ?== 653061
159360 ?== 63951
158364 ?== 463851
157368 ?== 863751
156372 ?== 273651
155376 ?== 673551
154380 ?== 83451
153384 ?== 483351
152388 ?== 883251
151392 ?== 293151
150396 ?== 693051
149400 ?== 4941
148404 ?== 404841
147408 ?== 804741
146412 ?== 214641
145416 ?== 614541
144420 ?== 24441
143424 ?== 424341
142428 ?== 824241
141432 ?== 234141
140436 ?== 634041
139440 ?== 44931
138444 ?== 444831
137448 ?== 844731
136452 ?== 254631
135456 ?== 654531
134460 ?== 64431
133464 ?== 464331
132468 ?== 864231
131472 ?== 274131
130476 ?== 674031
129480 ?== 84921
128484 ?== 484821
127488 ?== 884721
126492 ?== 294621
125496 ?== 694521
124500 ?== 5421
123504 ?== 405321
122508 ?== 805221
121512 ?== 215121
120516 ?== 615021
119520 ?== 25911
118524 ?== 425811
117528 ?== 825711
116532 ?== 235611
115536 ?== 635511
114540 ?== 45411
113544 ?== 445311
112548 ?== 845211
111552 ?== 255111
110556 ?== 655011
109560 ?== 65901
108564 ?== 465801
107568 ?== 865701
106572 ?== 275601
105576 ?== 675501
104580 ?== 85401
103584 ?== 485301
102588 ?== 885201
101592 ?== 295101
100596 ?== 695001
99600 ?== 699
994005 ?== 500499
993010 ?== 10399
992015 ?== 510299
991020 ?== 20199
990025 ?== 520099
989030 ?== 30989
988035 ?== 530889
987040 ?== 40789
986045 ?== 540689
985050 ?== 50589
984055 ?== 550489
983060 ?== 60389
982065 ?== 560289
981070 ?== 70189
980075 ?== 570089
979080 ?== 80979
978085 ?== 580879
977090 ?== 90779
976095 ?== 590679
975100 ?== 1579
974105 ?== 501479
973110 ?== 11379
972115 ?== 511279
971120 ?== 21179
970125 ?== 521079
969130 ?== 31969
968135 ?== 531869
967140 ?== 41769
966145 ?== 541669
965150 ?== 51569
964155 ?== 551469
963160 ?== 61369
962165 ?== 561269
961170 ?== 71169
960175 ?== 571069
959180 ?== 81959
958185 ?== 581859
957190 ?== 91759
956195 ?== 591659
955200 ?== 2559
954205 ?== 502459
953210 ?== 12359
952215 ?== 512259
951220 ?== 22159
950225 ?== 522059
949230 ?== 32949
948235 ?== 532849
947240 ?== 42749
946245 ?== 542649
945250 ?== 52549
944255 ?== 552449
943260 ?== 62349
942265 ?== 562249
941270 ?== 72149
940275 ?== 572049
939280 ?== 82939
938285 ?== 582839
937290 ?== 92739
936295 ?== 592639
935300 ?== 3539
934305 ?== 503439
933310 ?== 13339
932315 ?== 513239
931320 ?== 23139
930325 ?== 523039
929330 ?== 33929
928335 ?== 533829
927340 ?== 43729
926345 ?== 543629
925350 ?== 53529
924355 ?== 553429
923360 ?== 63329
922365 ?== 563229
921370 ?== 73129
920375 ?== 573029
919380 ?== 83919
918385 ?== 583819
917390 ?== 93719
916395 ?== 593619
915400 ?== 4519
914405 ?== 504419
913410 ?== 14319
912415 ?== 514219
911420 ?== 24119
910425 ?== 524019
909430 ?== 34909
908435 ?== 534809
907440 ?== 44709
906445 ?== 544609
905450 ?== 54509
904455 ?== 554409
903460 ?== 64309
902465 ?== 564209
901470 ?== 74109
900475 ?== 574009
899480 ?== 84998
898485 ?== 584898
897490 ?== 94798
896495 ?== 594698
895500 ?== 5598
894505 ?== 505498
893510 ?== 15398
892515 ?== 515298
891520 ?== 25198
890525 ?== 525098
889530 ?== 35988
888535 ?== 535888
887540 ?== 45788
886545 ?== 545688
885550 ?== 55588
884555 ?== 555488
883560 ?== 65388
882565 ?== 565288
881570 ?== 75188
880575 ?== 575088
879580 ?== 85978
878585 ?== 585878
877590 ?== 95778
876595 ?== 595678
875600 ?== 6578
874605 ?== 506478
873610 ?== 16378
872615 ?== 516278
871620 ?== 26178
870625 ?== 526078
869630 ?== 36968
868635 ?== 536868
867640 ?== 46768
866645 ?== 546668
865650 ?== 56568
864655 ?== 556468
863660 ?== 66368
862665 ?== 566268
861670 ?== 76168
860675 ?== 576068
859680 ?== 86958
858685 ?== 586858
857690 ?== 96758
856695 ?== 596658
855700 ?== 7558
854705 ?== 507458
853710 ?== 17358
852715 ?== 517258
851720 ?== 27158
850725 ?== 527058
849730 ?== 37948
848735 ?== 537848
847740 ?== 47748
846745 ?== 547648
845750 ?== 57548
844755 ?== 557448
843760 ?== 67348
842765 ?== 567248
841770 ?== 77148
840775 ?== 577048
839780 ?== 87938
838785 ?== 587838
837790 ?== 97738
836795 ?== 597638
835800 ?== 8538
834805 ?== 508438
833810 ?== 18338
832815 ?== 518238
831820 ?== 28138
830825 ?== 528038
829830 ?== 38928
828835 ?== 538828
827840 ?== 48728
826845 ?== 548628
825850 ?== 58528
824855 ?== 558428
823860 ?== 68328
822865 ?== 568228
821870 ?== 78128
820875 ?== 578028
819880 ?== 88918
818885 ?== 588818
817890 ?== 98718
816895 ?== 598618
815900 ?== 9518
814905 ?== 509418
813910 ?== 19318
812915 ?== 519218
811920 ?== 29118
810925 ?== 529018
809930 ?== 39908
808935 ?== 539808
807940 ?== 49708
806945 ?== 549608
805950 ?== 59508
804955 ?== 559408
803960 ?== 69308
802965 ?== 569208
801970 ?== 79108
800975 ?== 579008
799980 ?== 89997
798985 ?== 589897
797990 ?== 99797
796995 ?== 599697
796000 ?== 697
795005 ?== 500597
794010 ?== 10497
793015 ?== 510397
792020 ?== 20297
791025 ?== 520197
790030 ?== 30097
789035 ?== 530987
788040 ?== 40887
787045 ?== 540787
786050 ?== 50687
785055 ?== 550587
784060 ?== 60487
783065 ?== 560387
782070 ?== 70287
781075 ?== 570187
780080 ?== 80087
779085 ?== 580977
778090 ?== 90877
777095 ?== 590777
776100 ?== 1677
775105 ?== 501577
774110 ?== 11477
773115 ?== 511377
772120 ?== 21277
771125 ?== 521177
770130 ?== 31077
769135 ?== 531967
768140 ?== 41867
767145 ?== 541767
766150 ?== 51667
765155 ?== 551567
764160 ?== 61467
763165 ?== 561367
762170 ?== 71267
761175 ?== 571167
760180 ?== 81067
759185 ?== 581957
758190 ?== 91857
757195 ?== 591757
756200 ?== 2657
755205 ?== 502557
754210 ?== 12457
753215 ?== 512357
752220 ?== 22257
751225 ?== 522157
750230 ?== 32057
749235 ?== 532947
748240 ?== 42847
747245 ?== 542747
746250 ?== 52647
745255 ?== 552547
744260 ?== 62447
743265 ?== 562347
742270 ?== 72247
741275 ?== 572147
740280 ?== 82047
739285 ?== 582937
738290 ?== 92837
737295 ?== 592737
736300 ?== 3637
735305 ?== 503537
734310 ?== 13437
733315 ?== 513337
732320 ?== 23237
731325 ?== 523137
730330 ?== 33037
729335 ?== 533927
728340 ?== 43827
727345 ?== 543727
726350 ?== 53627
725355 ?== 553527
724360 ?== 63427
723365 ?== 563327
722370 ?== 73227
721375 ?== 573127
720380 ?== 83027
719385 ?== 583917
718390 ?== 93817
717395 ?== 593717
716400 ?== 4617
715405 ?== 504517
714410 ?== 14417
713415 ?== 514317
712420 ?== 24217
711425 ?== 524117
710430 ?== 34017
709435 ?== 534907
708440 ?== 44807
707445 ?== 544707
706450 ?== 54607
705455 ?== 554507
704460 ?== 64407
703465 ?== 564307
702470 ?== 74207
701475 ?== 574107
700480 ?== 84007
699485 ?== 584996
698490 ?== 94896
697495 ?== 594796
696500 ?== 5696
695505 ?== 505596
694510 ?== 15496
693515 ?== 515396
692520 ?== 25296
691525 ?== 525196
690530 ?== 35096
689535 ?== 535986
688540 ?== 45886
687545 ?== 545786
686550 ?== 55686
685555 ?== 555586
684560 ?== 65486
683565 ?== 565386
682570 ?== 75286
681575 ?== 575186
680580 ?== 85086
679585 ?== 585976
678590 ?== 95876
677595 ?== 595776
676600 ?== 6676
675605 ?== 506576
674610 ?== 16476
673615 ?== 516376
672620 ?== 26276
671625 ?== 526176
670630 ?== 36076
669635 ?== 536966
668640 ?== 46866
667645 ?== 546766
666650 ?== 56666
665655 ?== 556566
664660 ?== 66466
663665 ?== 566366
662670 ?== 76266
661675 ?== 576166
660680 ?== 86066
659685 ?== 586956
658690 ?== 96856
657695 ?== 596756
656700 ?== 7656
655705 ?== 507556
654710 ?== 17456
653715 ?== 517356
652720 ?== 27256
651725 ?== 527156
650730 ?== 37056
649735 ?== 537946
648740 ?== 47846
647745 ?== 547746
646750 ?== 57646
645755 ?== 557546
644760 ?== 67446
643765 ?== 567346
642770 ?== 77246
641775 ?== 577146
640780 ?== 87046
639785 ?== 587936
638790 ?== 97836
637795 ?== 597736
636800 ?== 8636
635805 ?== 508536
634810 ?== 18436
633815 ?== 518336
632820 ?== 28236
631825 ?== 528136
630830 ?== 38036
629835 ?== 538926
628840 ?== 48826
627845 ?== 548726
626850 ?== 58626
625855 ?== 558526
624860 ?== 68426
623865 ?== 568326
622870 ?== 78226
621875 ?== 578126
620880 ?== 88026
619885 ?== 588916
618890 ?== 98816
617895 ?== 598716
616900 ?== 9616
615905 ?== 509516
614910 ?== 19416
613915 ?== 519316
612920 ?== 29216
611925 ?== 529116
610930 ?== 39016
609935 ?== 539906
608940 ?== 49806
607945 ?== 549706
606950 ?== 59606
605955 ?== 559506
604960 ?== 69406
603965 ?== 569306
602970 ?== 79206
601975 ?== 579106
600980 ?== 89006
599985 ?== 589995
598990 ?== 99895
597995 ?== 599795
597000 ?== 795
596005 ?== 500695
595010 ?== 10595
594015 ?== 510495
593020 ?== 20395
592025 ?== 520295
591030 ?== 30195
590035 ?== 530095
589040 ?== 40985
588045 ?== 540885
587050 ?== 50785
586055 ?== 550685
585060 ?== 60585
584065 ?== 560485
583070 ?== 70385
582075 ?== 570285
581080 ?== 80185
580085 ?== 580085
580085
