292 293 415
291 294 415
290 295 415
289 296 415
288 297 415
287 298 415
286 299 415
285 300 415
284 301 415
283 302 415
282 303 415
281 304 415
280 305 415
279 306 415
278 307 415
277 308 415
276 309 415
275 310 415
274 311 415
273 312 415
272 313 415
271 314 415
270 315 415
269 316 415
267 317 416
266 318 416
265 319 416
264 320 416
263 321 416
262 322 416
261 323 416
260 324 416
259 325 416
258 326 416
257 327 416
255 328 417
254 329 417
253 330 417
252 331 417
251 332 417
250 333 417
249 334 417
248 335 417
246 336 418
245 337 418
244 338 418
243 339 418
242 340 418
241 341 418
240 342 418
238 343 419
237 344 419
236 345 419
235 346 419
234 347 419
233 348 419
231 349 420
230 350 420
229 351 420
228 352 420
227 353 420
226 354 420
224 355 421
223 356 421
222 357 421
221 358 421
219 359 422
218 360 422
217 361 422
216 362 422
215 363 422
213 364 423
212 365 423
211 366 423
210 367 423
208 368 424
207 369 424
206 370 424
205 371 424
203 372 425
202 373 425
201 374 425
200 375 425
198 376 426
197 377 426
196 378 426
194 379 427
193 380 427
192 381 427
190 382 428
189 383 428
188 384 428
186 385 429
185 386 429
184 387 429
183 388 429
181 389 430
180 390 430
178 391 431
177 392 431
176 393 431
174 394 432
173 395 432
172 396 432
170 397 433
169 398 433
168 399 433
166 400 434
165 401 434
163 402 435
162 403 435
161 404 435
159 405 436
158 406 436
156 407 437
155 408 437
153 409 438
152 410 438
151 411 438
149 412 439
148 413 439
146 414 440
145 415 440
143 416 441
142 417 441
140 418 442
139 419 442
137 420 443
136 421 443
134 422 444
133 423 444
131 424 445
130 425 445
128 426 446
127 427 446
125 428 447
124 429 447
122 430 448
121 431 448
119 432 449
118 433 449
116 434 450
115 435 450
113 436 451
111 437 452
110 438 452
108 439 453
107 440 453
105 441 454
103 442 455
102 443 455
100 444 456
99 445 456
97 446 457
95 447 458
94 448 458
92 449 459
90 450 460
89 451 460
87 452 461
85 453 462
84 454 462
82 455 463
80 456 464
79 457 464
77 458 465
75 459 466
74 460 466
72 461 467
70 462 468
68 463 469
67 464 469
65 465 470
63 466 471
61 467 472
60 468 472
58 469 473
56 470 474
54 471 475
53 472 475
51 473 476
49 474 477
47 475 478
45 476 479
43 477 480
42 478 480
40 479 481
38 480 482
36 481 483
34 482 484
32 483 485
31 484 485
29 485 486
27 486 487
25 487 488
23 488 489
21 489 490
19 490 491
17 491 492
15 492 493
13 493 494
11 494 495
9 495 496
7 496 497
5 497 498
3 498 499
1 499 500
-33 516 517
-35 517 518
-37 518 519
-39 519 520
-41 520 521
-43 521 522
-46 522 524
-48 523 525
-50 524 526
-52 525 527
-54 526 528
-57 527 530
-59 528 531
-61 529 532
-63 530 533
-66 531 535
-68 532 536
-70 533 537
-72 534 538
-75 535 540
-77 536 541
-79 537 542
-82 538 544
-84 539 545
-86 540 546
-89 541 548
-91 542 549
-94 543 551
-96 544 552
-98 545 553
-101 546 555
-103 547 556
-106 548 558
-108 549 559
-111 550 561
-113 551 562
-116 552 564
-118 553 565
-121 554 567
-123 555 568
-126 556 570
-128 557 571
-131 558 573
-133 559 574
-136 560 576
-138 561 577
-141 562 579
-144 563 581
-146 564 582
-149 565 584
-152 566 586
-154 567 587
-157 568 589
-160 569 591
-162 570 592
-165 571 594
-168 572 596
-170 573 597
-173 574 599
-176 575 601
-179 576 603
-182 577 605
-184 578 606
-187 579 608
-190 580 610
-193 581 612
-196 582 614
-199 583 616
-201 584 617
-204 585 619
-207 586 621
-210 587 623
-213 588 625
-216 589 627
-219 590 629
-222 591 631
-225 592 633
-228 593 635
-231 594 637
-234 595 639
-237 596 641
-240 597 643
-243 598 645
-246 599 647
-250 600 650
-253 601 652
-256 602 654
-259 603 656
-262 604 658
-265 605 660
-269 606 663
-272 607 665
-275 608 667
-278 609 669
-282 610 672
-285 611 674
-288 612 676
-291 613 678
-295 614 681
-298 615 683
-302 616 686
-305 617 688
-308 618 690
-312 619 693
-315 620 695
-319 621 698
-322 622 700
-326 623 703
-329 624 705
-333 625 708
-336 626 710
-340 627 713
-344 628 716
-347 629 718
-351 630 721
-355 631 724
-358 632 726
-362 633 729
-366 634 732
-369 635 734
-373 636 737
-377 637 740
-381 638 743
-385 639 746
-388 640 748
-392 641 751
-396 642 754
-400 643 757
-404 644 760
-408 645 763
-412 646 766
-416 647 769
-420 648 772
-424 649 775
-428 650 778
-432 651 781
-436 652 784
-440 653 787
-445 654 791
-449 655 794
-453 656 797
-457 657 800
-461 658 803
-466 659 807
-470 660 810
-474 661 813
-479 662 817
-483 663 820
-488 664 824
-492 665 827
-497 666 831
-501 667 834
-506 668 838
-510 669 841
-515 670 845
-519 671 848
-524 672 852
-529 673 856
-533 674 859
-538 675 863
-543 676 867
-547 677 870
-552 678 874
-557 679 878
-562 680 882
-567 681 886
-572 682 890
-577 683 894
-582 684 898
-587 685 902
-592 686 906
-597 687 910
-602 688 914
-607 689 918
-612 690 922
-618 691 927
-623 692 931
-628 693 935
-633 694 939
-639 695 944
-644 696 948
-650 697 953
-655 698 957
-661 699 962
-666 700 966
-672 701 971
-677 702 975
-683 703 980
-689 704 985
-694 705 989
-700 706 994
-706 707 999
-712 708 1004
-718 709 1009
-724 710 1014
-730 711 1019
-736 712 1024
-742 713 1029
-748 714 1034
-754 715 1039
-760 716 1044
-766 717 1049
-773 718 1055
-779 719 1060
-785 720 1065
-792 721 1071
-798 722 1076
-805 723 1082
-811 724 1087
-818 725 1093
-824 726 1098
-831 727 1104
-838 728 1110
-845 729 1116
-851 730 1121
-858 731 1127
-865 732 1133
-872 733 1139
-879 734 1145
-886 735 1151
-893 736 1157
-901 737 1164
-908 738 1170
-915 739 1176
-923 740 1183
-930 741 1189
-937 742 1195
-945 743 1202
-953 744 1209
-960 745 1215
-968 746 1222
-976 747 1229
-984 748 1236
-992 749 1243
-1000 750 1250
-1008 751 1257
-1016 752 1264
-1024 753 1271
-1032 754 1278
-1040 755 1285
-1049 756 1293
-1057 757 1300
-1066 758 1308
-1074 759 1315
-1083 760 1323
-1092 761 1331
-1100 762 1338
-1109 763 1346
-1118 764 1354
-1127 765 1362
-1136 766 1370
-1145 767 1378
-1155 768 1387
-1164 769 1395
-1173 770 1403
-1183 771 1412
-1192 772 1420
-1202 773 1429
-1212 774 1438
-1222 775 1447
-1232 776 1456
-1242 777 1465
-1252 778 1474
-1262 779 1483
-1272 780 1492
-1283 781 1502
-1293 782 1511
-1304 783 1521
-1314 784 1530
-1325 785 1540
-1336 786 1550
-1347 787 1560
-1358 788 1570
-1369 789 1580
-1380 790 1590
-1392 791 1601
-1403 792 1611
-1415 793 1622
-1427 794 1633
-1439 795 1644
-1450 796 1654
-1463 797 1666
-1475 798 1677
-1487 799 1688
-1500 800 1700
-1512 801 1711
-1525 802 1723
-1538 803 1735
-1551 804 1747
-1564 805 1759
-1577 806 1771
-1590 807 1783
-1604 808 1796
-1617 809 1808
-1631 810 1821
-1645 811 1834
-1659 812 1847
-1673 813 1860
-1688 814 1874
-1702 815 1887
-1717 816 1901
-1732 817 1915
-1747 818 1929
-1762 819 1943
-1777 820 1957
-1793 821 1972
-1808 822 1986
-1824 823 2001
-1840 824 2016
-1857 825 2032
-1873 826 2047
-1890 827 2063
-1906 828 2078
-1923 829 2094
-1941 830 2111
-1958 831 2127
-1976 832 2144
-1994 833 2161
-2012 834 2178
-2030 835 2195
-2048 836 2212
-2067 837 2230
-2086 838 2248
-2105 839 2266
-2125 840 2285
-2144 841 2303
-2164 842 2322
-2184 843 2341
-2205 844 2361
-2225 845 2380
-2246 846 2400
-2267 847 2420
-2289 848 2441
-2311 849 2462
-2333 850 2483
-2355 851 2504
-2378 852 2526
-2401 853 2548
-2424 854 2570
-2448 855 2593
-2472 856 2616
-2496 857 2639
-2521 858 2663
-2546 859 2687
-2571 860 2711
-2597 861 2736
-2623 862 2761
-2649 863 2786
-2676 864 2812
-2703 865 2838
-2731 866 2865
-2759 867 2892
-2787 868 2919
-2816 869 2947
-2846 870 2976
-2875 871 3004
-2906 872 3034
-2937 873 3064
-2968 874 3094
-3000 875 3125
-3032 876 3156
-3065 877 3188
-3098 878 3220
-3132 879 3253
-3166 880 3286
-3201 881 3320
-3237 882 3355
-3273 883 3390
-3310 884 3426
-3347 885 3462
-3385 886 3499
-3424 887 3537
-3464 888 3576
-3504 889 3615
-3545 890 3655
-3587 891 3696
-3629 892 3737
-3672 893 3779
-3716 894 3822
-3761 895 3866
-3807 896 3911
-3854 897 3957
-3901 898 4003
-3950 899 4051
-4000 900 4100
-4050 901 4149
-4102 902 4200
-4154 903 4251
-4208 904 4304
-4263 905 4358
-4319 906 4413
-4376 907 4469
-4434 908 4526
-4494 909 4585
-4555 910 4645
-4617 911 4706
-4681 912 4769
-4747 913 4834
-4813 914 4899
-4882 915 4967
-4952 916 5036
-5024 917 5107
-5097 918 5179
-5172 919 5253
-5250 920 5330
-5329 921 5408
-5410 922 5488
-5493 923 5570
-5578 924 5654
-5666 925 5741
-5756 926 5830
-5849 927 5922
-5944 928 6016
-6042 929 6113
-6142 930 6212
-6246 931 6315
-6352 932 6420
-6462 933 6529
-6575 934 6641
-6692 935 6757
-6812 936 6876
-6936 937 6999
-7064 938 7126
-7196 939 7257
-7333 940 7393
-7474 941 7533
-7620 942 7678
-7771 943 7828
-7928 944 7984
-8090 945 8145
-8259 946 8313
-8433 947 8486
-8615 948 8667
-8803 949 8854
-9000 950 9050
-9204 951 9253
-9416 952 9464
-9638 953 9685
-9869 954 9915
-10111 955 10156
-10363 956 10407
-10627 957 10670
-10904 958 10946
-11195 959 11236
-11500 960 11540
-11820 961 11859
-12157 962 12195
-12513 963 12550
-12888 964 12924
-13285 965 13320
-13705 966 13739
-14151 967 14184
-14625 968 14657
-15129 969 15160
-15666 970 15696
-16241 971 16270
-16857 972 16885
-17518 973 17545
-18230 974 18256
-19000 975 19025
-19833 976 19857
-20739 977 20762
-21727 978 21749
-22809 979 22830
-24000 980 24020
-25315 981 25334
-26777 982 26795
-28411 983 28428
-30250 984 30266
-32333 985 32348
-34714 986 34728
-37461 987 37474
-40666 988 40678
-44454 989 44465
-49000 990 49010
-54555 991 54564
-61500 992 61508
-70428 993 70435
-82333 994 82339
-99000 995 99005
-124000 996 124004
-165666 997 165669
-249000 998 249002
-499000 999 499001
